TN:
SF:src/App.tsx
FN:5,App
FNF:1
FNH:1
FNDA:4,App
DA:1,1
DA:2,1
DA:3,1
DA:5,4
DA:6,4
DA:7,4
DA:8,4
DA:9,4
DA:10,4
DA:11,4
DA:12,4
DA:13,4
DA:15,4
DA:17,1
LF:14
LH:14
BRDA:5,0,0,4
BRF:1
BRH:1
end_of_record
TN:
SF:src/main.tsx
FN:1,(empty-report)
FNF:1
FNH:0
FNDA:0,(empty-report)
DA:1,0
DA:2,0
DA:3,0
DA:4,0
DA:5,0
DA:6,0
DA:9,0
DA:12,0
DA:13,0
DA:14,0
DA:16,0
DA:17,0
DA:18,0
DA:19,0
DA:21,0
DA:22,0
DA:24,0
DA:25,0
DA:27,0
DA:29,0
DA:30,0
DA:31,0
DA:32,0
DA:34,0
DA:35,0
DA:36,0
DA:37,0
DA:38,0
LF:28
LH:0
BRDA:1,0,0,0
BRF:1
BRH:0
end_of_record
TN:
SF:src/components/SentryTestButton.tsx
FN:1,(empty-report)
FNF:1
FNH:1
FNDA:1,(empty-report)
DA:8,0
DA:10,0
DA:12,0
DA:13,0
DA:14,0
DA:16,0
DA:18,0
DA:19,0
DA:20,0
DA:21,0
DA:22,0
DA:23,0
DA:26,0
DA:27,0
DA:29,0
DA:30,0
DA:31,0
DA:32,0
DA:33,0
DA:34,0
DA:36,0
DA:38,0
LF:22
LH:0
BRDA:1,0,0,1
BRF:1
BRH:1
end_of_record
TN:
SF:src/components/ai/AIFocusView.tsx
FN:1,(empty-report)
FNF:1
FNH:0
FNDA:0,(empty-report)
DA:1,0
DA:2,0
DA:3,0
DA:4,0
DA:24,0
DA:25,0
DA:26,0
DA:27,0
DA:28,0
DA:29,0
DA:30,0
DA:31,0
DA:32,0
DA:33,0
DA:34,0
DA:35,0
DA:37,0
DA:38,0
DA:39,0
DA:40,0
DA:41,0
DA:42,0
DA:43,0
DA:44,0
DA:45,0
DA:46,0
DA:47,0
DA:49,0
DA:50,0
DA:51,0
DA:52,0
DA:53,0
DA:54,0
DA:56,0
DA:57,0
DA:58,0
DA:59,0
DA:60,0
DA:62,0
DA:63,0
DA:66,0
DA:67,0
DA:68,0
DA:69,0
DA:71,0
DA:72,0
DA:73,0
DA:76,0
DA:77,0
DA:79,0
DA:80,0
DA:81,0
DA:82,0
DA:83,0
DA:84,0
DA:85,0
DA:86,0
DA:87,0
DA:88,0
DA:89,0
DA:90,0
DA:91,0
DA:94,0
DA:95,0
DA:96,0
DA:98,0
DA:99,0
DA:100,0
DA:101,0
DA:102,0
DA:103,0
DA:105,0
DA:106,0
DA:107,0
DA:108,0
DA:109,0
DA:110,0
DA:111,0
DA:112,0
DA:116,0
DA:117,0
DA:119,0
DA:120,0
DA:121,0
DA:122,0
DA:123,0
DA:124,0
DA:125,0
DA:126,0
DA:127,0
DA:130,0
DA:131,0
DA:133,0
DA:134,0
DA:135,0
DA:136,0
DA:137,0
DA:138,0
DA:139,0
DA:141,0
DA:142,0
DA:143,0
DA:144,0
DA:146,0
DA:148,0
DA:150,0
DA:151,0
DA:153,0
DA:155,0
DA:156,0
DA:158,0
DA:159,0
DA:160,0
DA:161,0
DA:162,0
LF:115
LH:0
BRDA:1,0,0,0
BRF:1
BRH:0
end_of_record
TN:
SF:src/components/ai/ChatBox.tsx
FN:32,ChatBox
FN:33,generateId
FN:74,handleSubmit
FN:117,toggleChat
FN:123,handleSuggestionClick
FN:142,onClick
FN:156,onClick
FN:202,onChange
FN:206,onKeyDown
FN:291,onClick
FN:298,onClick
FN:325,onChange
FN:329,onKeyDown
FNF:13
FNH:7
FNDA:40,ChatBox
FNDA:13,generateId
FNDA:7,handleSubmit
FNDA:2,toggleChat
FNDA:1,handleSuggestionClick
FNDA:0,onClick
FNDA:9,onClick
FNDA:7,onChange
FNDA:0,onKeyDown
FNDA:0,onClick
FNDA:0,onClick
FNDA:0,onChange
FNDA:0,onKeyDown
DA:1,1
DA:2,1
DA:3,1
DA:4,1
DA:5,1
DA:6,1
DA:7,1
DA:8,1
DA:12,1
DA:13,1
DA:14,76
DA:15,76
DA:16,76
DA:17,76
DA:18,76
DA:19,76
DA:20,76
DA:21,76
DA:22,76
DA:24,76
DA:25,1
DA:26,1
DA:32,1
DA:33,40
DA:34,40
DA:35,40
DA:36,40
DA:37,40
DA:38,40
DA:39,40
DA:40,40
DA:41,40
DA:42,40
DA:43,40
DA:44,40
DA:45,40
DA:46,40
DA:47,40
DA:49,40
DA:50,40
DA:51,40
DA:52,40
DA:53,40
DA:54,40
DA:57,40
DA:58,30
DA:59,22
DA:60,22
DA:61,40
DA:64,40
DA:65,18
DA:66,16
DA:67,12
DA:68,16
DA:69,16
DA:70,40
DA:74,40
DA:75,7
DA:76,7
DA:78,7
DA:79,7
DA:80,7
DA:81,7
DA:82,7
DA:83,7
DA:86,7
DA:87,7
DA:88,7
DA:90,7
DA:91,7
DA:93,6
DA:94,6
DA:95,7
DA:96,7
DA:97,7
DA:98,7
DA:99,7
DA:100,7
DA:102,7
DA:103,7
DA:104,1
DA:105,1
DA:106,1
DA:107,1
DA:108,1
DA:109,1
DA:110,1
DA:111,1
DA:112,7
DA:113,7
DA:114,7
DA:115,7
DA:117,40
DA:118,2
DA:119,2
DA:123,40
DA:124,1
DA:126,1
DA:127,1
DA:128,1
DA:129,1
DA:131,40
DA:132,40
DA:134,40
DA:135,40
DA:136,40
DA:137,38
DA:138,38
DA:139,38
DA:140,38
DA:141,38
DA:142,38
DA:143,38
DA:144,2
DA:145,40
DA:147,40
DA:148,40
DA:149,38
DA:150,38
DA:151,38
DA:152,38
DA:153,38
DA:154,38
DA:155,38
DA:156,38
DA:158,38
DA:159,38
DA:160,38
DA:161,38
DA:162,38
DA:163,38
DA:164,38
DA:165,38
DA:166,38
DA:167,38
DA:168,38
DA:170,38
DA:171,38
DA:172,38
DA:174,38
DA:175,38
DA:176,0
DA:177,0
DA:178,0
DA:179,0
DA:181,0
DA:182,0
DA:184,38
DA:185,38
DA:186,65
DA:187,65
DA:188,65
DA:189,65
DA:190,65
DA:191,38
DA:192,38
DA:193,38
DA:195,38
DA:197,38
DA:198,38
DA:199,38
DA:200,38
DA:201,38
DA:202,38
DA:203,38
DA:204,38
DA:205,38
DA:206,38
DA:207,0
DA:208,0
DA:209,0
DA:210,0
DA:211,0
DA:212,38
DA:213,38
DA:214,38
DA:215,38
DA:216,38
DA:217,38
DA:218,38
DA:220,38
DA:221,7
DA:223,31
DA:225,38
DA:226,38
DA:227,38
DA:228,38
DA:229,38
DA:230,38
DA:231,38
DA:233,2
DA:234,2
DA:235,2
DA:236,2
DA:237,2
DA:239,2
DA:240,2
DA:241,2
DA:242,2
DA:244,2
DA:245,2
DA:246,2
DA:248,40
DA:249,40
DA:252,40
DA:253,40
DA:254,40
DA:255,38
DA:256,38
DA:257,38
DA:258,38
DA:259,38
DA:260,38
DA:261,38
DA:263,38
DA:264,38
DA:265,38
DA:266,38
DA:267,38
DA:268,38
DA:269,38
DA:270,38
DA:271,38
DA:272,38
DA:273,38
DA:275,38
DA:276,38
DA:277,38
DA:279,38
DA:280,38
DA:281,0
DA:282,0
DA:283,0
DA:284,0
DA:287,0
DA:288,0
DA:289,0
DA:290,0
DA:291,0
DA:292,0
DA:293,0
DA:295,0
DA:296,0
DA:297,0
DA:298,0
DA:299,0
DA:300,0
DA:302,0
DA:303,0
DA:304,0
DA:306,38
DA:307,38
DA:308,65
DA:309,65
DA:310,65
DA:311,65
DA:312,65
DA:313,65
DA:314,38
DA:315,38
DA:316,38
DA:318,38
DA:320,38
DA:321,38
DA:322,38
DA:323,38
DA:324,38
DA:325,38
DA:326,38
DA:327,38
DA:328,38
DA:329,38
DA:330,0
DA:331,0
DA:332,0
DA:333,0
DA:334,0
DA:335,38
DA:336,38
DA:337,38
DA:338,38
DA:339,38
DA:340,38
DA:341,38
DA:343,38
DA:344,7
DA:346,31
DA:348,38
DA:349,38
DA:350,38
DA:351,38
DA:352,38
DA:353,38
DA:354,38
DA:356,2
DA:357,2
DA:358,2
DA:359,2
DA:360,2
DA:361,2
DA:362,2
DA:364,2
DA:365,2
DA:366,2
DA:367,2
DA:369,2
DA:370,2
DA:371,2
DA:373,40
DA:374,40
DA:375,40
DA:377,40
DA:379,1
LF:313
LH:277
BRDA:13,0,0,76
BRDA:32,1,0,40
BRDA:136,2,0,38
BRDA:143,3,0,2
BRDA:148,4,0,38
BRDA:175,5,0,0
BRDA:216,6,0,8
BRDA:220,7,0,7
BRDA:221,8,0,31
BRDA:231,9,0,2
BRDA:242,10,0,0
BRDA:254,11,0,38
BRDA:280,12,0,0
BRDA:339,13,0,8
BRDA:343,14,0,7
BRDA:344,15,0,31
BRDA:354,16,0,2
BRDA:367,17,0,0
BRDA:33,18,0,13
BRDA:57,19,0,30
BRDA:58,20,0,29
BRDA:58,21,0,22
BRDA:64,22,0,18
BRDA:65,23,0,16
BRDA:65,24,0,16
BRDA:66,25,0,12
BRDA:67,26,0,7
BRDA:74,27,0,7
BRDA:76,28,0,0
BRDA:91,29,0,6
BRDA:95,30,0,0
BRDA:103,31,0,1
BRDA:86,32,0,7
BRDA:102,33,0,6
BRDA:111,34,0,1
BRDA:117,35,0,2
BRDA:123,36,0,1
BRDA:126,37,0,1
BRDA:156,38,0,9
BRDA:185,39,0,65
BRDA:202,40,0,7
BRDA:307,41,0,65
BRDA:312,42,0,17
BRDA:312,43,0,48
BRF:44
BRH:38
end_of_record
TN:
SF:src/components/ai/ChatMessage.tsx
FN:32,ChatMessage
FN:33,formatMessageContent
FN:41,formatTime
FN:45,hasBuilds
FN:49,hasSuggestions
FN:130,onClick
FNF:6
FNH:6
FNDA:130,ChatMessage
FNDA:130,formatMessageContent
FNDA:130,formatTime
FNDA:130,hasBuilds
FNDA:130,hasSuggestions
FNDA:1,onClick
DA:1,1
DA:2,1
DA:3,1
DA:4,1
DA:5,1
DA:32,1
DA:33,130
DA:34,130
DA:35,130
DA:36,130
DA:37,130
DA:38,130
DA:39,130
DA:41,130
DA:42,130
DA:43,130
DA:45,130
DA:46,130
DA:47,130
DA:49,130
DA:50,130
DA:51,130
DA:53,130
DA:54,130
DA:55,130
DA:56,130
DA:57,130
DA:58,130
DA:59,130
DA:61,130
DA:62,130
DA:63,130
DA:64,130
DA:65,130
DA:66,130
DA:67,34
DA:68,96
DA:69,130
DA:70,130
DA:72,130
DA:74,130
DA:75,2
DA:76,2
DA:77,2
DA:79,2
DA:80,2
DA:81,2
DA:82,2
DA:83,0
DA:84,0
DA:85,0
DA:87,2
DA:88,2
DA:89,2
DA:90,2
DA:91,2
DA:92,2
DA:93,2
DA:94,2
DA:96,2
DA:97,2
DA:98,2
DA:99,2
DA:100,2
DA:101,2
DA:102,2
DA:103,2
DA:104,2
DA:105,2
DA:106,2
DA:107,2
DA:108,2
DA:109,2
DA:110,2
DA:111,2
DA:113,2
DA:114,2
DA:115,2
DA:118,130
DA:119,88
DA:120,88
DA:122,88
DA:123,88
DA:124,88
DA:125,252
DA:126,252
DA:127,252
DA:128,252
DA:129,252
DA:130,252
DA:131,252
DA:132,252
DA:133,252
DA:135,252
DA:136,252
DA:137,88
DA:138,88
DA:139,88
DA:142,130
DA:143,130
DA:144,130
DA:145,130
DA:146,130
DA:148,130
DA:150,1
LF:105
LH:102
BRDA:32,0,0,130
BRDA:54,1,0,34
BRDA:54,2,0,96
BRDA:58,3,0,34
BRDA:58,4,0,96
BRDA:61,5,0,34
BRDA:61,6,0,96
BRDA:66,7,0,34
BRDA:67,8,0,96
BRDA:74,9,0,2
BRDA:118,10,0,88
BRDA:118,11,0,88
BRDA:33,12,0,130
BRDA:34,13,0,130
BRDA:41,14,0,130
BRDA:45,15,0,130
BRDA:46,16,0,80
BRDA:49,17,0,130
BRDA:50,18,0,92
BRDA:81,19,0,2
BRDA:82,20,0,0
BRDA:87,21,0,0
BRDA:88,22,0,0
BRDA:89,23,0,0
BRDA:90,24,0,0
BRDA:91,25,0,0
BRDA:92,26,0,0
BRDA:93,27,0,0
BRDA:94,28,0,0
BRDA:124,29,0,252
BRDA:130,30,0,1
BRF:31
BRH:22
end_of_record
TN:
SF:src/components/builds/BuildDetailPanel.tsx
FN:1,(empty-report)
FNF:1
FNH:1
FNDA:1,(empty-report)
DA:2,0
DA:4,0
DA:5,0
DA:6,0
DA:26,0
DA:27,0
DA:28,0
DA:29,0
DA:30,0
DA:31,0
DA:32,0
DA:33,0
DA:34,0
DA:35,0
DA:36,0
DA:37,0
DA:38,0
DA:39,0
DA:42,0
DA:43,0
DA:44,0
DA:45,0
DA:46,0
DA:47,0
DA:48,0
DA:49,0
DA:50,0
DA:51,0
DA:52,0
DA:53,0
DA:54,0
DA:55,0
DA:56,0
DA:57,0
DA:58,0
DA:59,0
DA:61,0
DA:62,0
DA:63,0
DA:64,0
DA:65,0
DA:67,0
DA:68,0
DA:69,0
DA:70,0
DA:71,0
DA:72,0
DA:74,0
DA:75,0
DA:76,0
DA:77,0
DA:79,0
DA:81,0
DA:83,0
DA:84,0
DA:85,0
DA:86,0
DA:87,0
DA:88,0
DA:89,0
DA:90,0
DA:91,0
DA:92,0
DA:93,0
DA:94,0
DA:95,0
DA:96,0
DA:97,0
DA:98,0
DA:99,0
DA:101,0
DA:102,0
DA:103,0
DA:104,0
DA:105,0
DA:107,0
DA:108,0
DA:109,0
DA:110,0
DA:111,0
DA:113,0
DA:114,0
DA:116,0
DA:117,0
DA:118,0
DA:119,0
DA:121,0
DA:122,0
DA:124,0
DA:125,0
DA:126,0
DA:127,0
DA:129,0
DA:130,0
DA:132,0
DA:133,0
DA:134,0
DA:136,0
DA:137,0
DA:138,0
DA:139,0
DA:140,0
DA:141,0
DA:143,0
DA:144,0
DA:145,0
DA:146,0
DA:147,0
DA:148,0
DA:149,0
DA:150,0
DA:151,0
DA:152,0
DA:154,0
DA:155,0
DA:157,0
DA:158,0
DA:159,0
DA:161,0
DA:162,0
DA:163,0
DA:164,0
DA:165,0
DA:166,0
DA:167,0
DA:168,0
DA:169,0
DA:170,0
DA:172,0
DA:174,0
DA:175,0
DA:177,0
DA:178,0
DA:179,0
DA:180,0
DA:181,0
DA:182,0
DA:183,0
DA:184,0
DA:185,0
DA:186,0
DA:188,0
DA:190,0
DA:192,0
DA:193,0
DA:194,0
DA:195,0
DA:198,0
DA:199,0
DA:200,0
DA:201,0
DA:204,0
DA:205,0
DA:206,0
DA:207,0
DA:208,0
DA:209,0
DA:210,0
DA:211,0
DA:212,0
DA:213,0
DA:214,0
DA:216,0
DA:217,0
DA:219,0
DA:221,0
LF:166
LH:0
BRDA:1,0,0,1
BRF:1
BRH:1
end_of_record
TN:
SF:src/components/builds/BuildGroupCard.tsx
FN:53,BuildGroupCard
FNF:1
FNH:1
FNDA:8,BuildGroupCard
DA:8,1
DA:9,1
DA:10,1
DA:13,1
DA:14,1
DA:15,1
DA:16,1
DA:17,1
DA:18,1
DA:19,1
DA:20,1
DA:21,1
DA:22,1
DA:23,1
DA:53,1
DA:54,8
DA:56,8
DA:58,8
DA:59,8
DA:60,8
DA:61,8
DA:63,8
DA:64,8
DA:65,8
DA:66,8
DA:67,8
DA:68,8
DA:69,1
DA:70,1
DA:71,1
DA:72,1
DA:74,8
DA:75,8
DA:76,8
DA:77,8
DA:78,8
DA:79,8
DA:80,8
DA:81,8
DA:82,8
DA:84,8
DA:86,8
DA:87,8
DA:88,8
DA:90,8
DA:91,8
DA:92,8
DA:93,1
DA:94,1
DA:95,1
DA:97,7
DA:98,7
DA:99,7
DA:100,7
DA:101,7
DA:103,7
DA:104,7
DA:105,7
DA:106,7
DA:108,7
DA:110,8
DA:111,8
DA:114,8
DA:115,8
DA:116,8
DA:117,8
DA:119,8
DA:120,8
DA:121,8
DA:122,24
DA:123,24
DA:124,24
DA:126,24
DA:127,24
DA:128,8
DA:129,8
DA:130,1
DA:131,1
DA:132,1
DA:134,8
DA:135,8
DA:139,8
DA:140,8
DA:141,8
DA:142,8
DA:144,8
DA:145,8
DA:146,8
DA:147,24
DA:148,24
DA:149,24
DA:151,24
DA:152,24
DA:153,8
DA:154,8
DA:155,8
DA:159,8
DA:160,7
DA:161,7
DA:162,7
DA:164,7
DA:165,7
DA:166,7
DA:167,2
DA:168,2
DA:169,2
DA:170,2
DA:172,7
DA:173,2
DA:174,2
DA:175,2
DA:176,2
DA:178,7
DA:179,7
DA:180,7
DA:181,7
DA:182,7
DA:184,7
DA:185,7
DA:186,7
DA:187,7
DA:188,7
DA:190,7
DA:191,7
DA:193,8
DA:194,8
DA:196,8
DA:198,1
LF:128
LH:128
BRDA:53,0,0,8
BRDA:54,1,0,0
BRDA:68,2,0,1
BRDA:92,3,0,1
BRDA:95,4,0,7
BRDA:129,5,0,1
BRDA:159,6,0,7
BRDA:166,7,0,2
BRDA:172,8,0,2
BRDA:121,9,0,24
BRDA:146,10,0,24
BRF:11
BRH:10
end_of_record
TN:
SF:src/components/layout/Layout.tsx
FN:4,Layout
FNF:1
FNH:1
FNDA:4,Layout
DA:1,1
DA:2,1
DA:4,1
DA:5,4
DA:6,4
DA:7,4
DA:9,4
DA:10,4
DA:11,4
DA:12,4
DA:13,4
DA:14,4
DA:16,4
LF:13
LH:13
BRDA:4,0,0,4
BRF:1
BRH:1
end_of_record
TN:
SF:src/components/layout/Navbar.tsx
FN:5,Navbar
FNF:1
FNH:1
FNDA:4,Navbar
DA:1,1
DA:2,1
DA:3,1
DA:5,1
DA:6,4
DA:7,4
DA:8,4
DA:9,4
DA:11,4
DA:12,4
DA:13,4
DA:14,4
DA:15,4
DA:16,4
DA:17,4
DA:18,4
DA:19,4
DA:22,4
DA:23,4
DA:24,4
DA:25,4
DA:28,4
DA:29,4
DA:30,4
DA:31,4
DA:32,4
DA:34,4
DA:36,4
LF:28
LH:28
BRDA:5,0,0,4
BRF:1
BRH:1
end_of_record
TN:
SF:src/components/system/LoadingScreen.tsx
FN:1,(empty-report)
FNF:1
FNH:0
FNDA:0,(empty-report)
DA:1,0
DA:2,0
DA:4,0
DA:5,0
DA:6,0
DA:7,0
DA:8,0
DA:9,0
DA:11,0
DA:12,0
DA:13,0
DA:14,0
DA:15,0
DA:16,0
DA:17,0
DA:18,0
DA:20,0
DA:21,0
DA:22,0
DA:23,0
DA:24,0
DA:25,0
DA:27,0
DA:28,0
DA:29,0
DA:30,0
DA:31,0
DA:32,0
DA:33,0
DA:34,0
DA:35,0
DA:36,0
DA:37,0
DA:38,0
DA:39,0
DA:40,0
DA:41,0
DA:42,0
DA:43,0
DA:44,0
DA:45,0
LF:41
LH:0
BRDA:1,0,0,0
BRF:1
BRH:0
end_of_record
TN:
SF:src/components/team/TeamSynergyDashboard.tsx
FN:1,(empty-report)
FNF:1
FNH:1
FNDA:1,(empty-report)
DA:2,0
DA:3,0
DA:4,0
DA:5,0
DA:27,0
DA:28,0
DA:29,0
DA:30,0
DA:31,0
DA:33,0
DA:34,0
DA:35,0
DA:36,0
DA:37,0
DA:39,0
DA:40,0
DA:41,0
DA:42,0
DA:43,0
DA:44,0
DA:45,0
DA:46,0
DA:47,0
DA:48,0
DA:49,0
DA:50,0
DA:51,0
DA:52,0
DA:53,0
DA:56,0
DA:57,0
DA:58,0
DA:59,0
DA:60,0
DA:61,0
DA:62,0
DA:63,0
DA:64,0
DA:65,0
DA:66,0
DA:67,0
DA:69,0
DA:70,0
DA:71,0
DA:72,0
DA:73,0
DA:74,0
DA:75,0
DA:76,0
DA:77,0
DA:78,0
DA:79,0
DA:80,0
DA:81,0
DA:82,0
DA:83,0
DA:84,0
DA:85,0
DA:86,0
DA:87,0
DA:88,0
DA:89,0
DA:91,0
DA:92,0
DA:93,0
DA:94,0
DA:95,0
DA:96,0
DA:97,0
DA:98,0
DA:99,0
DA:100,0
DA:102,0
DA:103,0
DA:104,0
DA:105,0
DA:106,0
DA:109,0
DA:110,0
DA:111,0
DA:112,0
DA:113,0
DA:114,0
DA:115,0
DA:117,0
DA:118,0
DA:119,0
DA:120,0
DA:121,0
DA:122,0
DA:123,0
DA:124,0
DA:125,0
DA:126,0
DA:127,0
DA:129,0
DA:131,0
DA:133,0
DA:134,0
DA:135,0
DA:136,0
DA:137,0
DA:138,0
DA:139,0
DA:140,0
DA:141,0
DA:142,0
DA:144,0
DA:146,0
DA:147,0
DA:149,0
DA:150,0
DA:151,0
DA:152,0
DA:153,0
DA:154,0
DA:155,0
DA:156,0
DA:157,0
DA:158,0
DA:159,0
DA:161,0
DA:162,0
DA:164,0
DA:166,0
LF:125
LH:0
BRDA:1,0,0,1
BRF:1
BRH:1
end_of_record
TN:
SF:src/components/ui/ButtonPremium.tsx
FN:1,(empty-report)
FNF:1
FNH:1
FNDA:1,(empty-report)
DA:3,0
DA:12,0
DA:13,0
DA:14,0
DA:15,0
DA:16,0
DA:17,0
DA:18,0
DA:19,0
DA:20,0
DA:21,0
DA:22,0
DA:29,0
DA:30,0
DA:36,0
DA:43,0
DA:49,0
DA:51,0
DA:52,0
DA:53,0
DA:54,0
DA:55,0
DA:56,0
DA:58,0
DA:59,0
DA:61,0
DA:63,0
DA:64,0
DA:66,0
LF:29
LH:0
BRDA:1,0,0,1
BRF:1
BRH:1
end_of_record
TN:
SF:src/components/ui/CardPremium.tsx
FN:1,(empty-report)
FNF:1
FNH:1
FNDA:1,(empty-report)
DA:8,0
DA:9,0
DA:10,0
DA:14,0
DA:17,0
DA:18,0
DA:27,0
DA:28,0
DA:29,0
DA:30,0
DA:31,0
DA:32,0
DA:33,0
DA:34,0
DA:36,0
DA:37,0
DA:38,0
DA:46,0
DA:47,0
DA:55,0
DA:56,0
DA:57,0
DA:59,0
DA:60,0
LF:24
LH:0
BRDA:1,0,0,1
BRF:1
BRH:1
end_of_record
TN:
SF:src/components/ui/VersionDisplay.tsx
FN:1,(empty-report)
FNF:1
FNH:1
FNDA:1,(empty-report)
DA:7,0
DA:8,0
DA:9,0
DA:16,0
DA:17,0
DA:18,0
DA:19,0
DA:20,0
DA:22,0
DA:23,0
DA:24,0
DA:25,0
DA:26,0
DA:28,0
DA:30,0
DA:31,0
DA:32,0
DA:33,0
DA:34,0
DA:35,0
DA:36,0
DA:37,0
DA:38,0
DA:39,0
DA:40,0
DA:41,0
DA:42,0
DA:43,0
DA:44,0
DA:45,0
DA:46,0
DA:47,0
DA:48,0
DA:49,0
DA:51,0
DA:53,0
DA:55,0
DA:58,0
DA:59,0
DA:60,0
DA:61,0
DA:62,0
DA:63,0
DA:64,0
DA:65,0
DA:66,0
DA:67,0
DA:68,0
DA:70,0
DA:71,0
DA:73,0
DA:75,0
DA:77,0
LF:53
LH:0
BRDA:1,0,0,1
BRF:1
BRH:1
end_of_record
TN:
SF:src/components/ui/button.tsx
FNF:0
FNH:0
DA:2,1
DA:3,1
DA:4,1
DA:6,1
DA:7,1
DA:8,1
DA:9,1
DA:10,1
DA:11,1
DA:12,1
DA:13,1
DA:14,1
DA:15,1
DA:16,1
DA:17,1
DA:18,1
DA:19,1
DA:20,1
DA:21,1
DA:22,1
DA:23,1
DA:24,1
DA:25,1
DA:26,1
DA:27,1
DA:28,1
DA:29,1
DA:30,1
DA:31,1
DA:32,1
DA:33,1
DA:34,1
DA:42,1
DA:43,1
DA:44,413
DA:45,413
DA:46,413
DA:47,413
DA:48,413
DA:49,413
DA:51,413
DA:52,1
DA:53,1
LF:43
LH:43
BRDA:43,0,0,413
BRF:1
BRH:1
end_of_record
TN:
SF:src/components/ui/card.tsx
FNF:0
FNH:0
DA:1,1
DA:2,1
DA:4,1
DA:7,1
DA:8,10
DA:9,10
DA:10,10
DA:11,10
DA:12,10
DA:13,10
DA:14,10
DA:15,10
DA:16,10
DA:17,1
DA:19,1
DA:22,1
DA:23,10
DA:24,10
DA:25,10
DA:26,10
DA:27,10
DA:28,10
DA:29,1
DA:31,1
DA:34,1
DA:35,10
DA:36,10
DA:37,10
DA:38,10
DA:39,10
DA:40,10
DA:41,10
DA:42,10
DA:43,10
DA:44,1
DA:46,1
DA:49,1
DA:50,2
DA:51,2
DA:52,2
DA:53,2
DA:54,2
DA:55,2
DA:56,1
DA:58,1
DA:61,1
DA:62,10
DA:63,1
DA:64,1
DA:66,1
DA:69,1
DA:70,2
DA:71,2
DA:72,2
DA:73,2
DA:74,2
DA:75,2
DA:76,1
LF:58
LH:58
BRDA:7,0,0,10
BRDA:22,1,0,10
BRDA:34,2,0,10
BRDA:49,3,0,2
BRDA:61,4,0,10
BRDA:69,5,0,2
BRF:6
BRH:6
end_of_record
TN:
SF:src/config/version.ts
FNF:0
FNH:0
DA:7,1
DA:8,1
DA:9,1
DA:10,1
DA:11,1
DA:13,1
DA:14,1
DA:15,1
DA:16,1
DA:17,1
DA:18,1
DA:19,1
DA:20,1
DA:22,1
LF:14
LH:14
BRF:0
BRH:0
end_of_record
TN:
SF:src/hooks/useAppVersion.ts
FN:23,showAppVersion
FN:46,getAppVersion
FN:76,useAppVersion
FN:95,exposeVersionToWindow
FNF:4
FNH:2
FNDA:0,showAppVersion
FNDA:7,getAppVersion
FNDA:7,useAppVersion
FNDA:0,exposeVersionToWindow
DA:8,1
DA:9,1
DA:23,1
DA:24,0
DA:25,0
DA:26,0
DA:27,0
DA:28,0
DA:29,0
DA:31,0
DA:32,0
DA:33,0
DA:34,0
DA:35,0
DA:36,0
DA:37,0
DA:38,0
DA:39,0
DA:40,0
DA:41,0
DA:46,1
DA:47,7
DA:48,7
DA:49,7
DA:50,7
DA:51,7
DA:52,7
DA:53,7
DA:54,7
DA:55,7
DA:76,1
DA:77,7
DA:79,7
DA:80,7
DA:81,0
DA:82,0
DA:83,7
DA:85,7
DA:86,7
DA:87,7
DA:88,7
DA:89,7
DA:95,1
DA:96,0
DA:97,0
DA:101,0
DA:102,0
DA:105,0
DA:106,0
DA:107,0
DA:108,0
DA:109,0
DA:110,0
DA:111,0
DA:112,0
DA:113,0
DA:114,0
DA:115,0
DA:116,0
DA:117,0
DA:119,1
LF:61
LH:25
BRDA:46,0,0,7
BRDA:76,1,0,7
BRDA:79,2,0,7
BRDA:80,3,0,0
BRF:4
BRH:3
end_of_record
TN:
SF:src/pages/Home.tsx
FN:7,Home
FNF:1
FNH:1
FNDA:7,Home
DA:1,1
DA:2,1
DA:3,1
DA:4,1
DA:5,1
DA:7,1
DA:9,7
DA:13,7
DA:14,7
DA:16,7
DA:19,7
DA:20,7
DA:21,7
DA:22,7
DA:23,7
DA:25,7
DA:27,7
DA:29,7
DA:31,7
DA:33,7
DA:34,7
DA:35,7
DA:36,7
DA:37,7
DA:40,7
DA:41,0
DA:42,0
DA:43,0
DA:44,0
DA:45,0
DA:47,0
DA:48,0
DA:49,0
DA:50,0
DA:51,0
DA:52,0
DA:54,0
DA:55,0
DA:56,0
DA:57,0
DA:58,0
DA:59,0
DA:60,0
DA:61,0
DA:62,0
DA:63,0
DA:67,7
DA:68,7
DA:69,7
DA:70,7
DA:71,7
DA:72,7
DA:73,7
DA:74,7
DA:76,7
DA:77,7
DA:78,7
DA:79,7
DA:80,7
DA:82,7
DA:83,7
DA:84,7
DA:85,7
DA:86,7
DA:88,7
DA:89,7
DA:90,7
DA:91,7
DA:94,7
DA:95,7
DA:96,7
DA:97,7
DA:98,7
DA:99,7
DA:101,7
LF:75
LH:54
BRDA:7,0,0,7
BRDA:40,1,0,0
BRF:2
BRH:1
end_of_record
TN:
SF:src/services/aiService.ts
FN:1,(empty-report)
FNF:1
FNH:1
FNDA:1,(empty-report)
DA:13,0
DA:69,0
DA:70,0
DA:71,0
DA:72,0
DA:73,0
DA:74,0
DA:75,0
DA:76,0
DA:77,0
DA:78,0
DA:83,0
DA:84,0
DA:85,0
DA:87,0
DA:88,0
DA:89,0
DA:94,0
DA:95,0
DA:96,0
DA:101,0
DA:102,0
DA:105,0
DA:106,0
DA:107,0
DA:108,0
DA:109,0
DA:111,0
DA:112,0
DA:117,0
DA:118,0
DA:119,0
DA:120,0
DA:121,0
DA:123,0
DA:124,0
DA:125,0
DA:126,0
DA:128,0
DA:129,0
DA:130,0
DA:132,0
DA:134,0
DA:135,0
DA:136,0
DA:137,0
DA:138,0
DA:140,0
DA:141,0
DA:142,0
DA:143,0
DA:144,0
DA:145,0
DA:146,0
DA:147,0
DA:149,0
DA:150,0
DA:151,0
DA:152,0
DA:153,0
DA:155,0
DA:156,0
DA:157,0
DA:158,0
DA:159,0
DA:160,0
DA:161,0
DA:178,0
DA:179,0
DA:180,0
DA:181,0
DA:182,0
DA:183,0
DA:200,0
DA:204,0
DA:205,0
DA:206,0
DA:207,0
DA:208,0
DA:209,0
DA:222,0
DA:223,0
DA:224,0
DA:225,0
DA:226,0
DA:227,0
DA:230,0
LF:87
LH:0
BRDA:1,0,0,1
BRF:1
BRH:1
end_of_record
TN:
SF:src/services/api.ts
FN:40,login
FN:56,register
FN:65,logout
FN:69,getCurrentUser
FN:77,list
FN:89,get
FN:94,create
FN:99,update
FN:104,delete
FN:108,listPublic
FN:123,sendMessage
FN:165,list
FN:175,get
FN:180,create
FN:185,update
FN:190,delete
FN:194,addBuild
FN:203,removeBuild
FN:208,listPublic
FNF:19
FNH:8
FNDA:1,login
FNDA:1,register
FNDA:1,logout
FNDA:1,getCurrentUser
FNDA:1,list
FNDA:1,get
FNDA:0,create
FNDA:0,update
FNDA:0,delete
FNDA:0,listPublic
FNDA:0,sendMessage
FNDA:1,list
FNDA:1,get
FNDA:0,create
FNDA:0,update
FNDA:0,delete
FNDA:0,addBuild
FNDA:0,removeBuild
FNDA:0,listPublic
DA:1,1
DA:4,1
DA:6,1
DA:7,1
DA:8,1
DA:9,1
DA:10,1
DA:11,1
DA:12,1
DA:15,1
DA:16,1
DA:17,0
DA:18,0
DA:19,0
DA:20,0
DA:21,0
DA:22,0
DA:23,1
DA:24,1
DA:27,1
DA:28,1
DA:29,1
DA:30,0
DA:31,0
DA:32,0
DA:33,0
DA:34,0
DA:35,0
DA:36,1
DA:39,1
DA:40,1
DA:41,1
DA:42,1
DA:43,1
DA:45,1
DA:46,1
DA:47,1
DA:49,1
DA:50,1
DA:51,1
DA:53,1
DA:54,1
DA:56,1
DA:57,1
DA:58,1
DA:59,1
DA:60,1
DA:61,1
DA:62,1
DA:63,1
DA:65,1
DA:66,1
DA:67,1
DA:69,1
DA:70,1
DA:71,1
DA:72,1
DA:73,1
DA:76,1
DA:77,1
DA:84,1
DA:85,1
DA:86,1
DA:87,1
DA:89,1
DA:90,1
DA:91,1
DA:92,1
DA:94,1
DA:95,0
DA:96,0
DA:97,0
DA:99,1
DA:100,0
DA:101,0
DA:102,0
DA:104,1
DA:105,0
DA:106,0
DA:108,1
DA:114,0
DA:116,0
DA:117,0
DA:118,0
DA:119,1
DA:122,1
DA:123,1
DA:124,0
DA:125,0
DA:126,0
DA:127,0
DA:128,0
DA:129,0
DA:131,0
DA:134,0
DA:135,0
DA:136,0
DA:137,0
DA:140,0
DA:141,0
DA:142,0
DA:143,0
DA:146,0
DA:147,0
DA:148,0
DA:149,0
DA:151,0
DA:152,0
DA:153,0
DA:154,0
DA:155,0
DA:156,0
DA:157,0
DA:158,0
DA:159,0
DA:160,0
DA:161,1
DA:164,1
DA:165,1
DA:170,1
DA:171,1
DA:172,1
DA:173,1
DA:175,1
DA:176,1
DA:177,1
DA:178,1
DA:180,1
DA:181,0
DA:182,0
DA:183,0
DA:185,1
DA:186,0
DA:187,0
DA:188,0
DA:190,1
DA:191,0
DA:192,0
DA:194,1
DA:195,0
DA:196,0
DA:197,0
DA:198,0
DA:199,0
DA:200,0
DA:201,0
DA:203,1
DA:204,0
DA:205,0
DA:206,0
DA:208,1
DA:212,0
DA:213,0
DA:214,0
DA:215,0
DA:216,1
LF:156
LH:81
BRDA:40,0,0,1
BRDA:56,1,0,1
BRDA:65,2,0,1
BRDA:69,3,0,1
BRDA:77,4,0,1
BRDA:89,5,0,1
BRDA:165,6,0,1
BRDA:175,7,0,1
BRF:8
BRH:8
end_of_record
TN:
SF:src/types/index.ts
FN:1,(empty-report)
FNF:1
FNH:1
FNDA:1,(empty-report)
LF:0
LH:0
BRDA:1,0,0,1
BRF:1
BRH:1
end_of_record
TN:
SF:src/utils/cn.ts
FN:4,cn
FNF:1
FNH:1
FNDA:978,cn
DA:1,1
DA:2,1
DA:4,1
DA:5,978
DA:6,978
LF:5
LH:5
BRDA:4,0,0,978
BRF:1
BRH:1
end_of_record
