{"meta": {"format": 3, "version": "7.6.1", "timestamp": "2025-11-14T19:41:45.531318", "branch_coverage": false, "show_contexts": false}, "files": {"app/__init__.py": {"executed_lines": [1, 9, 22, 32, 42, 52], "summary": {"covered_lines": 5, "num_statements": 5, "percent_covered": 100.0, "percent_covered_display": "100.00", "missing_lines": 0, "excluded_lines": 0}, "missing_lines": [], "excluded_lines": [], "functions": {"": {"executed_lines": [1, 9, 22, 32, 42, 52], "summary": {"covered_lines": 5, "num_statements": 5, "percent_covered": 100.0, "percent_covered_display": "100.00", "missing_lines": 0, "excluded_lines": 0}, "missing_lines": [], "excluded_lines": []}}, "classes": {"": {"executed_lines": [1, 9, 22, 32, 42, 52], "summary": {"covered_lines": 5, "num_statements": 5, "percent_covered": 100.0, "percent_covered_display": "100.00", "missing_lines": 0, "excluded_lines": 0}, "missing_lines": [], "excluded_lines": []}}}, "app/agents/__init__.py": {"executed_lines": [1, 14, 15, 16, 17, 18, 20], "summary": {"covered_lines": 6, "num_statements": 6, "percent_covered": 100.0, "percent_covered_display": "100.00", "missing_lines": 0, "excluded_lines": 0}, "missing_lines": [], "excluded_lines": [], "functions": {"": {"executed_lines": [1, 14, 15, 16, 17, 18, 20], "summary": {"covered_lines": 6, "num_statements": 6, "percent_covered": 100.0, "percent_covered_display": "100.00", "missing_lines": 0, "excluded_lines": 0}, "missing_lines": [], "excluded_lines": []}}, "classes": {"": {"executed_lines": [1, 14, 15, 16, 17, 18, 20], "summary": {"covered_lines": 6, "num_statements": 6, "percent_covered": 100.0, "percent_covered_display": "100.00", "missing_lines": 0, "excluded_lines": 0}, "missing_lines": [], "excluded_lines": []}}}, "app/agents/base.py": {"executed_lines": [1, 8, 9, 10, 12, 15, 16, 44, 64, 77, 85, 86, 101, 145, 158, 171, 188, 199, 207], "summary": {"covered_lines": 14, "num_statements": 53, "percent_covered": 26.41509433962264, "percent_covered_display": "26.42", "missing_lines": 39, "excluded_lines": 18}, "missing_lines": [56, 57, 58, 59, 60, 61, 62, 71, 72, 73, 74, 75, 83, 115, 116, 118, 119, 121, 123, 126, 129, 132, 133, 135, 136, 138, 140, 141, 142, 143, 155, 156, 168, 169, 178, 195, 196, 197, 205], "excluded_lines": [85, 86, 87, 88, 89, 90, 91, 92, 93, 94, 95, 96, 97, 98, 99, 207, 208, 209], "functions": {"BaseAgent.__init__": {"executed_lines": [], "summary": {"covered_lines": 0, "num_statements": 7, "percent_covered": 0.0, "percent_covered_display": "0.00", "missing_lines": 7, "excluded_lines": 0}, "missing_lines": [56, 57, 58, 59, 60, 61, 62], "excluded_lines": []}, "BaseAgent.initialize": {"executed_lines": [], "summary": {"covered_lines": 0, "num_statements": 5, "percent_covered": 0.0, "percent_covered_display": "0.00", "missing_lines": 5, "excluded_lines": 0}, "missing_lines": [71, 72, 73, 74, 75], "excluded_lines": []}, "BaseAgent._initialize_impl": {"executed_lines": [], "summary": {"covered_lines": 0, "num_statements": 1, "percent_covered": 0.0, "percent_covered_display": "0.00", "missing_lines": 1, "excluded_lines": 0}, "missing_lines": [83], "excluded_lines": []}, "BaseAgent.run": {"executed_lines": [], "summary": {"covered_lines": 0, "num_statements": 0, "percent_covered": 100.0, "percent_covered_display": "100.00", "missing_lines": 0, "excluded_lines": 13}, "missing_lines": [], "excluded_lines": [87, 88, 89, 90, 91, 92, 93, 94, 95, 96, 97, 98, 99]}, "BaseAgent.execute": {"executed_lines": [], "summary": {"covered_lines": 0, "num_statements": 17, "percent_covered": 0.0, "percent_covered_display": "0.00", "missing_lines": 17, "excluded_lines": 0}, "missing_lines": [115, 116, 118, 119, 121, 123, 126, 129, 132, 133, 135, 136, 138, 140, 141, 142, 143], "excluded_lines": []}, "BaseAgent.validate_inputs": {"executed_lines": [], "summary": {"covered_lines": 0, "num_statements": 2, "percent_covered": 0.0, "percent_covered_display": "0.00", "missing_lines": 2, "excluded_lines": 0}, "missing_lines": [155, 156], "excluded_lines": []}, "BaseAgent.validate_outputs": {"executed_lines": [], "summary": {"covered_lines": 0, "num_statements": 2, "percent_covered": 0.0, "percent_covered_display": "0.00", "missing_lines": 2, "excluded_lines": 0}, "missing_lines": [168, 169], "excluded_lines": []}, "BaseAgent.get_info": {"executed_lines": [], "summary": {"covered_lines": 0, "num_statements": 1, "percent_covered": 0.0, "percent_covered_display": "0.00", "missing_lines": 1, "excluded_lines": 0}, "missing_lines": [178], "excluded_lines": []}, "BaseAgent.cleanup": {"executed_lines": [], "summary": {"covered_lines": 0, "num_statements": 3, "percent_covered": 0.0, "percent_covered_display": "0.00", "missing_lines": 3, "excluded_lines": 0}, "missing_lines": [195, 196, 197], "excluded_lines": []}, "BaseAgent._cleanup_impl": {"executed_lines": [], "summary": {"covered_lines": 0, "num_statements": 1, "percent_covered": 0.0, "percent_covered_display": "0.00", "missing_lines": 1, "excluded_lines": 0}, "missing_lines": [205], "excluded_lines": []}, "BaseAgent.__repr__": {"executed_lines": [], "summary": {"covered_lines": 0, "num_statements": 0, "percent_covered": 100.0, "percent_covered_display": "100.00", "missing_lines": 0, "excluded_lines": 2}, "missing_lines": [], "excluded_lines": [208, 209]}, "": {"executed_lines": [1, 8, 9, 10, 12, 15, 16, 44, 64, 77, 85, 86, 101, 145, 158, 171, 188, 199, 207], "summary": {"covered_lines": 14, "num_statements": 14, "percent_covered": 100.0, "percent_covered_display": "100.00", "missing_lines": 0, "excluded_lines": 3}, "missing_lines": [], "excluded_lines": [85, 86, 207]}}, "classes": {"BaseAgent": {"executed_lines": [], "summary": {"covered_lines": 0, "num_statements": 39, "percent_covered": 0.0, "percent_covered_display": "0.00", "missing_lines": 39, "excluded_lines": 15}, "missing_lines": [56, 57, 58, 59, 60, 61, 62, 71, 72, 73, 74, 75, 83, 115, 116, 118, 119, 121, 123, 126, 129, 132, 133, 135, 136, 138, 140, 141, 142, 143, 155, 156, 168, 169, 178, 195, 196, 197, 205], "excluded_lines": [87, 88, 89, 90, 91, 92, 93, 94, 95, 96, 97, 98, 99, 208, 209]}, "": {"executed_lines": [1, 8, 9, 10, 12, 15, 16, 44, 64, 77, 85, 86, 101, 145, 158, 171, 188, 199, 207], "summary": {"covered_lines": 14, "num_statements": 14, "percent_covered": 100.0, "percent_covered_display": "100.00", "missing_lines": 0, "excluded_lines": 3}, "missing_lines": [], "excluded_lines": [85, 86, 207]}}}, "app/agents/meta_agent.py": {"executed_lines": [1, 8, 9, 11, 12, 15, 16, 38, 55, 61, 66, 118, 145, 152, 177, 182, 213, 247, 257, 262, 267, 318, 351, 367], "summary": {"covered_lines": 22, "num_statements": 95, "percent_covered": 23.157894736842106, "percent_covered_display": "23.16", "missing_lines": 73, "excluded_lines": 0}, "missing_lines": [40, 52, 53, 57, 59, 64, 85, 86, 87, 88, 90, 95, 98, 101, 104, 107, 109, 129, 134, 143, 150, 155, 175, 180, 194, 196, 201, 211, 226, 228, 230, 231, 234, 236, 238, 241, 243, 245, 249, 251, 252, 253, 255, 260, 265, 281, 283, 286, 287, 288, 299, 301, 302, 316, 329, 332, 334, 336, 337, 341, 349, 353, 355, 356, 358, 359, 360, 362, 363, 364, 365, 369, 370], "excluded_lines": [], "functions": {"MetaAgent.__init__": {"executed_lines": [], "summary": {"covered_lines": 0, "num_statements": 3, "percent_covered": 0.0, "percent_covered_display": "0.00", "missing_lines": 3, "excluded_lines": 0}, "missing_lines": [40, 52, 53], "excluded_lines": []}, "MetaAgent._initialize_impl": {"executed_lines": [], "summary": {"covered_lines": 0, "num_statements": 2, "percent_covered": 0.0, "percent_covered_display": "0.00", "missing_lines": 2, "excluded_lines": 0}, "missing_lines": [57, 59], "excluded_lines": []}, "MetaAgent._load_meta_history": {"executed_lines": [], "summary": {"covered_lines": 0, "num_statements": 1, "percent_covered": 0.0, "percent_covered_display": "0.00", "missing_lines": 1, "excluded_lines": 0}, "missing_lines": [64], "excluded_lines": []}, "MetaAgent.run": {"executed_lines": [], "summary": {"covered_lines": 0, "num_statements": 11, "percent_covered": 0.0, "percent_covered_display": "0.00", "missing_lines": 11, "excluded_lines": 0}, "missing_lines": [85, 86, 87, 88, 90, 95, 98, 101, 104, 107, 109], "excluded_lines": []}, "MetaAgent._analyze_current_meta": {"executed_lines": [], "summary": {"covered_lines": 0, "num_statements": 3, "percent_covered": 0.0, "percent_covered_display": "0.00", "missing_lines": 3, "excluded_lines": 0}, "missing_lines": [129, 134, 143], "excluded_lines": []}, "MetaAgent._get_top_builds": {"executed_lines": [], "summary": {"covered_lines": 0, "num_statements": 1, "percent_covered": 0.0, "percent_covered_display": "0.00", "missing_lines": 1, "excluded_lines": 0}, "missing_lines": [150], "excluded_lines": []}, "MetaAgent._get_popular_roles": {"executed_lines": [], "summary": {"covered_lines": 0, "num_statements": 2, "percent_covered": 0.0, "percent_covered_display": "0.00", "missing_lines": 2, "excluded_lines": 0}, "missing_lines": [155, 175], "excluded_lines": []}, "MetaAgent._get_common_synergies": {"executed_lines": [], "summary": {"covered_lines": 0, "num_statements": 1, "percent_covered": 0.0, "percent_covered_display": "0.00", "missing_lines": 1, "excluded_lines": 0}, "missing_lines": [180], "excluded_lines": []}, "MetaAgent._detect_trends": {"executed_lines": [], "summary": {"covered_lines": 0, "num_statements": 4, "percent_covered": 0.0, "percent_covered_display": "0.00", "missing_lines": 4, "excluded_lines": 0}, "missing_lines": [194, 196, 201, 211], "excluded_lines": []}, "MetaAgent._calculate_viability_scores": {"executed_lines": [], "summary": {"covered_lines": 0, "num_statements": 10, "percent_covered": 0.0, "percent_covered_display": "0.00", "missing_lines": 10, "excluded_lines": 0}, "missing_lines": [226, 228, 230, 231, 234, 236, 238, 241, 243, 245], "excluded_lines": []}, "MetaAgent._score_role_viability": {"executed_lines": [], "summary": {"covered_lines": 0, "num_statements": 5, "percent_covered": 0.0, "percent_covered_display": "0.00", "missing_lines": 5, "excluded_lines": 0}, "missing_lines": [249, 251, 252, 253, 255], "excluded_lines": []}, "MetaAgent._score_profession_viability": {"executed_lines": [], "summary": {"covered_lines": 0, "num_statements": 1, "percent_covered": 0.0, "percent_covered_display": "0.00", "missing_lines": 1, "excluded_lines": 0}, "missing_lines": [260], "excluded_lines": []}, "MetaAgent._score_synergy_potential": {"executed_lines": [], "summary": {"covered_lines": 0, "num_statements": 1, "percent_covered": 0.0, "percent_covered_display": "0.00", "missing_lines": 1, "excluded_lines": 0}, "missing_lines": [265], "excluded_lines": []}, "MetaAgent._generate_recommendations": {"executed_lines": [], "summary": {"covered_lines": 0, "num_statements": 9, "percent_covered": 0.0, "percent_covered_display": "0.00", "missing_lines": 9, "excluded_lines": 0}, "missing_lines": [281, 283, 286, 287, 288, 299, 301, 302, 316], "excluded_lines": []}, "MetaAgent._predict_meta_evolution": {"executed_lines": [], "summary": {"covered_lines": 0, "num_statements": 7, "percent_covered": 0.0, "percent_covered_display": "0.00", "missing_lines": 7, "excluded_lines": 0}, "missing_lines": [329, 332, 334, 336, 337, 341, 349], "excluded_lines": []}, "MetaAgent.validate_inputs": {"executed_lines": [], "summary": {"covered_lines": 0, "num_statements": 10, "percent_covered": 0.0, "percent_covered_display": "0.00", "missing_lines": 10, "excluded_lines": 0}, "missing_lines": [353, 355, 356, 358, 359, 360, 362, 363, 364, 365], "excluded_lines": []}, "MetaAgent._cleanup_impl": {"executed_lines": [], "summary": {"covered_lines": 0, "num_statements": 2, "percent_covered": 0.0, "percent_covered_display": "0.00", "missing_lines": 2, "excluded_lines": 0}, "missing_lines": [369, 370], "excluded_lines": []}, "": {"executed_lines": [1, 8, 9, 11, 12, 15, 16, 38, 55, 61, 66, 118, 145, 152, 177, 182, 213, 247, 257, 262, 267, 318, 351, 367], "summary": {"covered_lines": 22, "num_statements": 22, "percent_covered": 100.0, "percent_covered_display": "100.00", "missing_lines": 0, "excluded_lines": 0}, "missing_lines": [], "excluded_lines": []}}, "classes": {"MetaAgent": {"executed_lines": [], "summary": {"covered_lines": 0, "num_statements": 73, "percent_covered": 0.0, "percent_covered_display": "0.00", "missing_lines": 73, "excluded_lines": 0}, "missing_lines": [40, 52, 53, 57, 59, 64, 85, 86, 87, 88, 90, 95, 98, 101, 104, 107, 109, 129, 134, 143, 150, 155, 175, 180, 194, 196, 201, 211, 226, 228, 230, 231, 234, 236, 238, 241, 243, 245, 249, 251, 252, 253, 255, 260, 265, 281, 283, 286, 287, 288, 299, 301, 302, 316, 329, 332, 334, 336, 337, 341, 349, 353, 355, 356, 358, 359, 360, 362, 363, 364, 365, 369, 370], "excluded_lines": []}, "": {"executed_lines": [1, 8, 9, 11, 12, 15, 16, 38, 55, 61, 66, 118, 145, 152, 177, 182, 213, 247, 257, 262, 267, 318, 351, 367], "summary": {"covered_lines": 22, "num_statements": 22, "percent_covered": 100.0, "percent_covered_display": "100.00", "missing_lines": 0, "excluded_lines": 0}, "missing_lines": [], "excluded_lines": []}}}, "app/agents/optimizer_agent.py": {"executed_lines": [1, 8, 9, 10, 12, 13, 14, 15, 18, 19, 45, 72, 79, 91, 135, 250, 333], "summary": {"covered_lines": 15, "num_statements": 114, "percent_covered": 13.157894736842104, "percent_covered_display": "13.16", "missing_lines": 99, "excluded_lines": 0}, "missing_lines": [54, 66, 67, 68, 69, 70, 74, 75, 76, 77, 81, 82, 83, 85, 86, 87, 89, 101, 103, 104, 106, 108, 109, 111, 112, 115, 116, 117, 120, 129, 130, 131, 132, 133, 159, 160, 161, 162, 163, 166, 167, 171, 172, 175, 179, 181, 194, 197, 198, 201, 204, 206, 207, 208, 212, 213, 216, 217, 218, 221, 224, 232, 236, 238, 239, 240, 242, 243, 244, 246, 247, 248, 273, 274, 276, 277, 279, 281, 331, 348, 349, 351, 352, 354, 363, 364, 365, 367, 372, 373, 375, 376, 377, 380, 381, 382, 384, 385, 387], "excluded_lines": [], "functions": {"OptimizerAgent.__init__": {"executed_lines": [], "summary": {"covered_lines": 0, "num_statements": 6, "percent_covered": 0.0, "percent_covered_display": "0.00", "missing_lines": 6, "excluded_lines": 0}, "missing_lines": [54, 66, 67, 68, 69, 70], "excluded_lines": []}, "OptimizerAgent._initialize_impl": {"executed_lines": [], "summary": {"covered_lines": 0, "num_statements": 4, "percent_covered": 0.0, "percent_covered_display": "0.00", "missing_lines": 4, "excluded_lines": 0}, "missing_lines": [74, 75, 76, 77], "excluded_lines": []}, "OptimizerAgent._cleanup_impl": {"executed_lines": [], "summary": {"covered_lines": 0, "num_statements": 7, "percent_covered": 0.0, "percent_covered_display": "0.00", "missing_lines": 7, "excluded_lines": 0}, "missing_lines": [81, 82, 83, 85, 86, 87, 89], "excluded_lines": []}, "OptimizerAgent.validate_inputs": {"executed_lines": [], "summary": {"covered_lines": 0, "num_statements": 17, "percent_covered": 0.0, "percent_covered_display": "0.00", "missing_lines": 17, "excluded_lines": 0}, "missing_lines": [101, 103, 104, 106, 108, 109, 111, 112, 115, 116, 117, 120, 129, 130, 131, 132, 133], "excluded_lines": []}, "OptimizerAgent.run": {"executed_lines": [], "summary": {"covered_lines": 0, "num_statements": 38, "percent_covered": 0.0, "percent_covered_display": "0.00", "missing_lines": 38, "excluded_lines": 0}, "missing_lines": [159, 160, 161, 162, 163, 166, 167, 171, 172, 175, 179, 181, 194, 197, 198, 201, 204, 206, 207, 208, 212, 213, 216, 217, 218, 221, 224, 232, 236, 238, 239, 240, 242, 243, 244, 246, 247, 248], "excluded_lines": []}, "OptimizerAgent._build_optimization_prompt": {"executed_lines": [], "summary": {"covered_lines": 0, "num_statements": 7, "percent_covered": 0.0, "percent_covered_display": "0.00", "missing_lines": 7, "excluded_lines": 0}, "missing_lines": [273, 274, 276, 277, 279, 281, 331], "excluded_lines": []}, "OptimizerAgent.optimize_iteratively": {"executed_lines": [], "summary": {"covered_lines": 0, "num_statements": 20, "percent_covered": 0.0, "percent_covered_display": "0.00", "missing_lines": 20, "excluded_lines": 0}, "missing_lines": [348, 349, 351, 352, 354, 363, 364, 365, 367, 372, 373, 375, 376, 377, 380, 381, 382, 384, 385, 387], "excluded_lines": []}, "": {"executed_lines": [1, 8, 9, 10, 12, 13, 14, 15, 18, 19, 45, 72, 79, 91, 135, 250, 333], "summary": {"covered_lines": 15, "num_statements": 15, "percent_covered": 100.0, "percent_covered_display": "100.00", "missing_lines": 0, "excluded_lines": 0}, "missing_lines": [], "excluded_lines": []}}, "classes": {"OptimizerAgent": {"executed_lines": [], "summary": {"covered_lines": 0, "num_statements": 99, "percent_covered": 0.0, "percent_covered_display": "0.00", "missing_lines": 99, "excluded_lines": 0}, "missing_lines": [54, 66, 67, 68, 69, 70, 74, 75, 76, 77, 81, 82, 83, 85, 86, 87, 89, 101, 103, 104, 106, 108, 109, 111, 112, 115, 116, 117, 120, 129, 130, 131, 132, 133, 159, 160, 161, 162, 163, 166, 167, 171, 172, 175, 179, 181, 194, 197, 198, 201, 204, 206, 207, 208, 212, 213, 216, 217, 218, 221, 224, 232, 236, 238, 239, 240, 242, 243, 244, 246, 247, 248, 273, 274, 276, 277, 279, 281, 331, 348, 349, 351, 352, 354, 363, 364, 365, 367, 372, 373, 375, 376, 377, 380, 381, 382, 384, 385, 387], "excluded_lines": []}, "": {"executed_lines": [1, 8, 9, 10, 12, 13, 14, 15, 18, 19, 45, 72, 79, 91, 135, 250, 333], "summary": {"covered_lines": 15, "num_statements": 15, "percent_covered": 100.0, "percent_covered_display": "100.00", "missing_lines": 0, "excluded_lines": 0}, "missing_lines": [], "excluded_lines": []}}}, "app/agents/recommender_agent.py": {"executed_lines": [1, 8, 9, 10, 12, 13, 14, 17, 18, 41, 62, 67, 74, 120, 199, 248], "summary": {"covered_lines": 14, "num_statements": 72, "percent_covered": 19.444444444444443, "percent_covered_display": "19.44", "missing_lines": 58, "excluded_lines": 0}, "missing_lines": [50, 57, 58, 59, 60, 64, 65, 69, 70, 71, 72, 84, 86, 87, 89, 90, 93, 105, 106, 109, 111, 112, 115, 117, 118, 142, 143, 144, 145, 148, 150, 152, 165, 168, 169, 172, 175, 183, 185, 187, 188, 189, 191, 192, 193, 195, 196, 197, 212, 246, 259, 261, 263, 264, 268, 269, 270, 272], "excluded_lines": [], "functions": {"RecommenderAgent.__init__": {"executed_lines": [], "summary": {"covered_lines": 0, "num_statements": 5, "percent_covered": 0.0, "percent_covered_display": "0.00", "missing_lines": 5, "excluded_lines": 0}, "missing_lines": [50, 57, 58, 59, 60], "excluded_lines": []}, "RecommenderAgent._initialize_impl": {"executed_lines": [], "summary": {"covered_lines": 0, "num_statements": 2, "percent_covered": 0.0, "percent_covered_display": "0.00", "missing_lines": 2, "excluded_lines": 0}, "missing_lines": [64, 65], "excluded_lines": []}, "RecommenderAgent._cleanup_impl": {"executed_lines": [], "summary": {"covered_lines": 0, "num_statements": 4, "percent_covered": 0.0, "percent_covered_display": "0.00", "missing_lines": 4, "excluded_lines": 0}, "missing_lines": [69, 70, 71, 72], "excluded_lines": []}, "RecommenderAgent.validate_inputs": {"executed_lines": [], "summary": {"covered_lines": 0, "num_statements": 14, "percent_covered": 0.0, "percent_covered_display": "0.00", "missing_lines": 14, "excluded_lines": 0}, "missing_lines": [84, 86, 87, 89, 90, 93, 105, 106, 109, 111, 112, 115, 117, 118], "excluded_lines": []}, "RecommenderAgent.run": {"executed_lines": [], "summary": {"covered_lines": 0, "num_statements": 23, "percent_covered": 0.0, "percent_covered_display": "0.00", "missing_lines": 23, "excluded_lines": 0}, "missing_lines": [142, 143, 144, 145, 148, 150, 152, 165, 168, 169, 172, 175, 183, 185, 187, 188, 189, 191, 192, 193, 195, 196, 197], "excluded_lines": []}, "RecommenderAgent._build_prompt": {"executed_lines": [], "summary": {"covered_lines": 0, "num_statements": 2, "percent_covered": 0.0, "percent_covered_display": "0.00", "missing_lines": 2, "excluded_lines": 0}, "missing_lines": [212, 246], "excluded_lines": []}, "RecommenderAgent.get_build_variants": {"executed_lines": [], "summary": {"covered_lines": 0, "num_statements": 8, "percent_covered": 0.0, "percent_covered_display": "0.00", "missing_lines": 8, "excluded_lines": 0}, "missing_lines": [259, 261, 263, 264, 268, 269, 270, 272], "excluded_lines": []}, "": {"executed_lines": [1, 8, 9, 10, 12, 13, 14, 17, 18, 41, 62, 67, 74, 120, 199, 248], "summary": {"covered_lines": 14, "num_statements": 14, "percent_covered": 100.0, "percent_covered_display": "100.00", "missing_lines": 0, "excluded_lines": 0}, "missing_lines": [], "excluded_lines": []}}, "classes": {"RecommenderAgent": {"executed_lines": [], "summary": {"covered_lines": 0, "num_statements": 58, "percent_covered": 0.0, "percent_covered_display": "0.00", "missing_lines": 58, "excluded_lines": 0}, "missing_lines": [50, 57, 58, 59, 60, 64, 65, 69, 70, 71, 72, 84, 86, 87, 89, 90, 93, 105, 106, 109, 111, 112, 115, 117, 118, 142, 143, 144, 145, 148, 150, 152, 165, 168, 169, 172, 175, 183, 185, 187, 188, 189, 191, 192, 193, 195, 196, 197, 212, 246, 259, 261, 263, 264, 268, 269, 270, 272], "excluded_lines": []}, "": {"executed_lines": [1, 8, 9, 10, 12, 13, 14, 17, 18, 41, 62, 67, 74, 120, 199, 248], "summary": {"covered_lines": 14, "num_statements": 14, "percent_covered": 100.0, "percent_covered_display": "100.00", "missing_lines": 0, "excluded_lines": 0}, "missing_lines": [], "excluded_lines": []}}}, "app/agents/synergy_agent.py": {"executed_lines": [1, 8, 9, 10, 12, 13, 14, 17, 18, 40, 66, 71, 78, 123, 203, 276], "summary": {"covered_lines": 14, "num_statements": 73, "percent_covered": 19.17808219178082, "percent_covered_display": "19.18", "missing_lines": 59, "excluded_lines": 0}, "missing_lines": [49, 61, 62, 63, 64, 68, 69, 73, 74, 75, 76, 88, 90, 91, 93, 95, 96, 98, 99, 101, 102, 105, 117, 118, 119, 146, 147, 148, 149, 152, 154, 156, 169, 172, 173, 176, 179, 187, 189, 191, 192, 193, 195, 196, 197, 199, 200, 201, 216, 217, 218, 220, 222, 274, 291, 294, 296, 297, 299], "excluded_lines": [], "functions": {"SynergyAgent.__init__": {"executed_lines": [], "summary": {"covered_lines": 0, "num_statements": 5, "percent_covered": 0.0, "percent_covered_display": "0.00", "missing_lines": 5, "excluded_lines": 0}, "missing_lines": [49, 61, 62, 63, 64], "excluded_lines": []}, "SynergyAgent._initialize_impl": {"executed_lines": [], "summary": {"covered_lines": 0, "num_statements": 2, "percent_covered": 0.0, "percent_covered_display": "0.00", "missing_lines": 2, "excluded_lines": 0}, "missing_lines": [68, 69], "excluded_lines": []}, "SynergyAgent._cleanup_impl": {"executed_lines": [], "summary": {"covered_lines": 0, "num_statements": 4, "percent_covered": 0.0, "percent_covered_display": "0.00", "missing_lines": 4, "excluded_lines": 0}, "missing_lines": [73, 74, 75, 76], "excluded_lines": []}, "SynergyAgent.validate_inputs": {"executed_lines": [], "summary": {"covered_lines": 0, "num_statements": 14, "percent_covered": 0.0, "percent_covered_display": "0.00", "missing_lines": 14, "excluded_lines": 0}, "missing_lines": [88, 90, 91, 93, 95, 96, 98, 99, 101, 102, 105, 117, 118, 119], "excluded_lines": []}, "SynergyAgent.run": {"executed_lines": [], "summary": {"covered_lines": 0, "num_statements": 23, "percent_covered": 0.0, "percent_covered_display": "0.00", "missing_lines": 23, "excluded_lines": 0}, "missing_lines": [146, 147, 148, 149, 152, 154, 156, 169, 172, 173, 176, 179, 187, 189, 191, 192, 193, 195, 196, 197, 199, 200, 201], "excluded_lines": []}, "SynergyAgent._build_prompt": {"executed_lines": [], "summary": {"covered_lines": 0, "num_statements": 6, "percent_covered": 0.0, "percent_covered_display": "0.00", "missing_lines": 6, "excluded_lines": 0}, "missing_lines": [216, 217, 218, 220, 222, 274], "excluded_lines": []}, "SynergyAgent.compare_compositions": {"executed_lines": [], "summary": {"covered_lines": 0, "num_statements": 5, "percent_covered": 0.0, "percent_covered_display": "0.00", "missing_lines": 5, "excluded_lines": 0}, "missing_lines": [291, 294, 296, 297, 299], "excluded_lines": []}, "": {"executed_lines": [1, 8, 9, 10, 12, 13, 14, 17, 18, 40, 66, 71, 78, 123, 203, 276], "summary": {"covered_lines": 14, "num_statements": 14, "percent_covered": 100.0, "percent_covered_display": "100.00", "missing_lines": 0, "excluded_lines": 0}, "missing_lines": [], "excluded_lines": []}}, "classes": {"SynergyAgent": {"executed_lines": [], "summary": {"covered_lines": 0, "num_statements": 59, "percent_covered": 0.0, "percent_covered_display": "0.00", "missing_lines": 59, "excluded_lines": 0}, "missing_lines": [49, 61, 62, 63, 64, 68, 69, 73, 74, 75, 76, 88, 90, 91, 93, 95, 96, 98, 99, 101, 102, 105, 117, 118, 119, 146, 147, 148, 149, 152, 154, 156, 169, 172, 173, 176, 179, 187, 189, 191, 192, 193, 195, 196, 197, 199, 200, 201, 216, 217, 218, 220, 222, 274, 291, 294, 296, 297, 299], "excluded_lines": []}, "": {"executed_lines": [1, 8, 9, 10, 12, 13, 14, 17, 18, 40, 66, 71, 78, 123, 203, 276], "summary": {"covered_lines": 14, "num_statements": 14, "percent_covered": 100.0, "percent_covered_display": "100.00", "missing_lines": 0, "excluded_lines": 0}, "missing_lines": [], "excluded_lines": []}}}, "app/ai/__init__.py": {"executed_lines": [1, 20, 22, 23], "summary": {"covered_lines": 3, "num_statements": 3, "percent_covered": 100.0, "percent_covered_display": "100.00", "missing_lines": 0, "excluded_lines": 0}, "missing_lines": [], "excluded_lines": [], "functions": {"": {"executed_lines": [1, 20, 22, 23], "summary": {"covered_lines": 3, "num_statements": 3, "percent_covered": 100.0, "percent_covered_display": "100.00", "missing_lines": 0, "excluded_lines": 0}, "missing_lines": [], "excluded_lines": []}}, "classes": {"": {"executed_lines": [1, 20, 22, 23], "summary": {"covered_lines": 3, "num_statements": 3, "percent_covered": 100.0, "percent_covered_display": "100.00", "missing_lines": 0, "excluded_lines": 0}, "missing_lines": [], "excluded_lines": []}}}, "app/ai/context.py": {"executed_lines": [], "summary": {"covered_lines": 0, "num_statements": 95, "percent_covered": 0.0, "percent_covered_display": "0.00", "missing_lines": 95, "excluded_lines": 0}, "missing_lines": [18, 19, 20, 22, 23, 24, 27, 51, 59, 66, 67, 68, 70, 72, 74, 75, 77, 79, 80, 81, 83, 94, 95, 96, 97, 99, 101, 104, 106, 107, 108, 109, 110, 111, 112, 115, 118, 120, 122, 130, 132, 146, 151, 189, 191, 202, 203, 205, 206, 207, 209, 211, 212, 213, 215, 216, 217, 220, 221, 222, 223, 225, 230, 233, 234, 235, 236, 237, 239, 252, 259, 261, 271, 272, 273, 275, 277, 287, 289, 290, 292, 293, 294, 296, 297, 298, 300, 301, 302, 306, 309, 318, 319, 320, 322], "excluded_lines": [], "functions": {"ContextAnalyzer.__init__": {"executed_lines": [], "summary": {"covered_lines": 0, "num_statements": 4, "percent_covered": 0.0, "percent_covered_display": "0.00", "missing_lines": 4, "excluded_lines": 0}, "missing_lines": [66, 67, 68, 70], "excluded_lines": []}, "ContextAnalyzer.initialize": {"executed_lines": [], "summary": {"covered_lines": 0, "num_statements": 2, "percent_covered": 0.0, "percent_covered_display": "0.00", "missing_lines": 2, "excluded_lines": 0}, "missing_lines": [74, 75], "excluded_lines": []}, "ContextAnalyzer.close": {"executed_lines": [], "summary": {"covered_lines": 0, "num_statements": 3, "percent_covered": 0.0, "percent_covered_display": "0.00", "missing_lines": 3, "excluded_lines": 0}, "missing_lines": [79, 80, 81], "excluded_lines": []}, "ContextAnalyzer.update_context": {"executed_lines": [], "summary": {"covered_lines": 0, "num_statements": 19, "percent_covered": 0.0, "percent_covered_display": "0.00", "missing_lines": 19, "excluded_lines": 0}, "missing_lines": [94, 95, 96, 97, 99, 101, 104, 106, 107, 108, 109, 110, 111, 112, 115, 118, 120, 122, 130], "excluded_lines": []}, "ContextAnalyzer._scrape_source": {"executed_lines": [], "summary": {"covered_lines": 0, "num_statements": 3, "percent_covered": 0.0, "percent_covered_display": "0.00", "missing_lines": 3, "excluded_lines": 0}, "missing_lines": [146, 151, 189], "excluded_lines": []}, "ContextAnalyzer._aggregate_data": {"executed_lines": [], "summary": {"covered_lines": 0, "num_statements": 24, "percent_covered": 0.0, "percent_covered_display": "0.00", "missing_lines": 24, "excluded_lines": 0}, "missing_lines": [202, 203, 205, 206, 207, 209, 211, 212, 213, 215, 216, 217, 220, 221, 222, 223, 225, 230, 233, 234, 235, 236, 237, 239], "excluded_lines": []}, "ContextAnalyzer.get_current_meta": {"executed_lines": [], "summary": {"covered_lines": 0, "num_statements": 1, "percent_covered": 0.0, "percent_covered_display": "0.00", "missing_lines": 1, "excluded_lines": 0}, "missing_lines": [259], "excluded_lines": []}, "ContextAnalyzer.get_trending_professions": {"executed_lines": [], "summary": {"covered_lines": 0, "num_statements": 4, "percent_covered": 0.0, "percent_covered_display": "0.00", "missing_lines": 4, "excluded_lines": 0}, "missing_lines": [271, 272, 273, 275], "excluded_lines": []}, "ContextAnalyzer.should_update": {"executed_lines": [], "summary": {"covered_lines": 0, "num_statements": 12, "percent_covered": 0.0, "percent_covered_display": "0.00", "missing_lines": 12, "excluded_lines": 0}, "missing_lines": [287, 289, 290, 292, 293, 294, 296, 297, 298, 300, 301, 302], "excluded_lines": []}, "get_context_analyzer": {"executed_lines": [], "summary": {"covered_lines": 0, "num_statements": 4, "percent_covered": 0.0, "percent_covered_display": "0.00", "missing_lines": 4, "excluded_lines": 0}, "missing_lines": [318, 319, 320, 322], "excluded_lines": []}, "": {"executed_lines": [], "summary": {"covered_lines": 0, "num_statements": 19, "percent_covered": 0.0, "percent_covered_display": "0.00", "missing_lines": 19, "excluded_lines": 0}, "missing_lines": [18, 19, 20, 22, 23, 24, 27, 51, 59, 72, 77, 83, 132, 191, 252, 261, 277, 306, 309], "excluded_lines": []}}, "classes": {"ContextAnalyzer": {"executed_lines": [], "summary": {"covered_lines": 0, "num_statements": 72, "percent_covered": 0.0, "percent_covered_display": "0.00", "missing_lines": 72, "excluded_lines": 0}, "missing_lines": [66, 67, 68, 70, 74, 75, 79, 80, 81, 94, 95, 96, 97, 99, 101, 104, 106, 107, 108, 109, 110, 111, 112, 115, 118, 120, 122, 130, 146, 151, 189, 202, 203, 205, 206, 207, 209, 211, 212, 213, 215, 216, 217, 220, 221, 222, 223, 225, 230, 233, 234, 235, 236, 237, 239, 259, 271, 272, 273, 275, 287, 289, 290, 292, 293, 294, 296, 297, 298, 300, 301, 302], "excluded_lines": []}, "": {"executed_lines": [], "summary": {"covered_lines": 0, "num_statements": 23, "percent_covered": 0.0, "percent_covered_display": "0.00", "missing_lines": 23, "excluded_lines": 0}, "missing_lines": [18, 19, 20, 22, 23, 24, 27, 51, 59, 72, 77, 83, 132, 191, 252, 261, 277, 306, 309, 318, 319, 320, 322], "excluded_lines": []}}}, "app/ai/core.py": {"executed_lines": [1, 20, 21, 22, 23, 24, 26, 28, 29, 32, 33, 35, 36, 37, 38, 39, 42, 43, 45, 69, 86, 87, 113, 114, 117, 125, 143, 153, 161, 251, 312, 352, 370, 420, 645, 689, 707, 710], "summary": {"covered_lines": 34, "num_statements": 147, "percent_covered": 23.12925170068027, "percent_covered_display": "23.13", "missing_lines": 113, "excluded_lines": 0}, "missing_lines": [57, 58, 59, 60, 61, 62, 63, 64, 65, 66, 67, 71, 127, 128, 129, 130, 131, 133, 145, 146, 147, 149, 150, 151, 155, 156, 157, 158, 159, 184, 185, 188, 189, 190, 191, 192, 195, 196, 198, 210, 211, 212, 215, 216, 217, 220, 223, 225, 235, 237, 238, 243, 244, 247, 249, 256, 257, 260, 263, 283, 286, 287, 290, 293, 310, 315, 316, 317, 319, 355, 357, 358, 360, 361, 362, 364, 366, 367, 368, 381, 384, 385, 386, 387, 388, 401, 418, 423, 643, 656, 657, 659, 662, 665, 666, 668, 669, 670, 671, 673, 683, 684, 687, 696, 697, 699, 700, 702, 703, 719, 720, 721, 723], "excluded_lines": [], "functions": {"TeamComposition.__init__": {"executed_lines": [], "summary": {"covered_lines": 0, "num_statements": 11, "percent_covered": 0.0, "percent_covered_display": "0.00", "missing_lines": 11, "excluded_lines": 0}, "missing_lines": [57, 58, 59, 60, 61, 62, 63, 64, 65, 66, 67], "excluded_lines": []}, "TeamComposition.to_dict": {"executed_lines": [], "summary": {"covered_lines": 0, "num_statements": 1, "percent_covered": 0.0, "percent_covered_display": "0.00", "missing_lines": 1, "excluded_lines": 0}, "missing_lines": [71], "excluded_lines": []}, "GW2AICore.__init__": {"executed_lines": [], "summary": {"covered_lines": 0, "num_statements": 6, "percent_covered": 0.0, "percent_covered_display": "0.00", "missing_lines": 6, "excluded_lines": 0}, "missing_lines": [127, 128, 129, 130, 131, 133], "excluded_lines": []}, "GW2AICore.initialize": {"executed_lines": [], "summary": {"covered_lines": 0, "num_statements": 6, "percent_covered": 0.0, "percent_covered_display": "0.00", "missing_lines": 6, "excluded_lines": 0}, "missing_lines": [145, 146, 147, 149, 150, 151], "excluded_lines": []}, "GW2AICore.close": {"executed_lines": [], "summary": {"covered_lines": 0, "num_statements": 5, "percent_covered": 0.0, "percent_covered_display": "0.00", "missing_lines": 5, "excluded_lines": 0}, "missing_lines": [155, 156, 157, 158, 159], "excluded_lines": []}, "GW2AICore.compose_team": {"executed_lines": [], "summary": {"covered_lines": 0, "num_statements": 26, "percent_covered": 0.0, "percent_covered_display": "0.00", "missing_lines": 26, "excluded_lines": 0}, "missing_lines": [184, 185, 188, 189, 190, 191, 192, 195, 196, 198, 210, 211, 212, 215, 216, 217, 220, 223, 225, 235, 237, 238, 243, 244, 247, 249], "excluded_lines": []}, "GW2AICore._generate_with_mistral": {"executed_lines": [], "summary": {"covered_lines": 0, "num_statements": 10, "percent_covered": 0.0, "percent_covered_display": "0.00", "missing_lines": 10, "excluded_lines": 0}, "missing_lines": [256, 257, 260, 263, 283, 286, 287, 290, 293, 310], "excluded_lines": []}, "GW2AICore._create_mistral_prompt": {"executed_lines": [], "summary": {"covered_lines": 0, "num_statements": 4, "percent_covered": 0.0, "percent_covered_display": "0.00", "missing_lines": 4, "excluded_lines": 0}, "missing_lines": [315, 316, 317, 319], "excluded_lines": []}, "GW2AICore._parse_mistral_response": {"executed_lines": [], "summary": {"covered_lines": 0, "num_statements": 10, "percent_covered": 0.0, "percent_covered_display": "0.00", "missing_lines": 10, "excluded_lines": 0}, "missing_lines": [355, 357, 358, 360, 361, 362, 364, 366, 367, 368], "excluded_lines": []}, "GW2AICore._generate_fallback_composition": {"executed_lines": [], "summary": {"covered_lines": 0, "num_statements": 8, "percent_covered": 0.0, "percent_covered_display": "0.00", "missing_lines": 8, "excluded_lines": 0}, "missing_lines": [381, 384, 385, 386, 387, 388, 401, 418], "excluded_lines": []}, "GW2AICore._get_mode_ratios": {"executed_lines": [], "summary": {"covered_lines": 0, "num_statements": 2, "percent_covered": 0.0, "percent_covered_display": "0.00", "missing_lines": 2, "excluded_lines": 0}, "missing_lines": [423, 643], "excluded_lines": []}, "GW2AICore._enhance_with_ml": {"executed_lines": [], "summary": {"covered_lines": 0, "num_statements": 14, "percent_covered": 0.0, "percent_covered_display": "0.00", "missing_lines": 14, "excluded_lines": 0}, "missing_lines": [656, 657, 659, 662, 665, 666, 668, 669, 670, 671, 673, 683, 684, 687], "excluded_lines": []}, "GW2AICore._save_composition": {"executed_lines": [], "summary": {"covered_lines": 0, "num_statements": 6, "percent_covered": 0.0, "percent_covered_display": "0.00", "missing_lines": 6, "excluded_lines": 0}, "missing_lines": [696, 697, 699, 700, 702, 703], "excluded_lines": []}, "get_ai_core": {"executed_lines": [], "summary": {"covered_lines": 0, "num_statements": 4, "percent_covered": 0.0, "percent_covered_display": "0.00", "missing_lines": 4, "excluded_lines": 0}, "missing_lines": [719, 720, 721, 723], "excluded_lines": []}, "": {"executed_lines": [1, 20, 21, 22, 23, 24, 26, 28, 29, 32, 33, 35, 36, 37, 38, 39, 42, 43, 45, 69, 86, 87, 113, 114, 117, 125, 143, 153, 161, 251, 312, 352, 370, 420, 645, 689, 707, 710], "summary": {"covered_lines": 34, "num_statements": 34, "percent_covered": 100.0, "percent_covered_display": "100.00", "missing_lines": 0, "excluded_lines": 0}, "missing_lines": [], "excluded_lines": []}}, "classes": {"GameMode": {"executed_lines": [], "summary": {"covered_lines": 0, "num_statements": 0, "percent_covered": 100.0, "percent_covered_display": "100.00", "missing_lines": 0, "excluded_lines": 0}, "missing_lines": [], "excluded_lines": []}, "TeamComposition": {"executed_lines": [], "summary": {"covered_lines": 0, "num_statements": 12, "percent_covered": 0.0, "percent_covered_display": "0.00", "missing_lines": 12, "excluded_lines": 0}, "missing_lines": [57, 58, 59, 60, 61, 62, 63, 64, 65, 66, 67, 71], "excluded_lines": []}, "GW2AICore": {"executed_lines": [], "summary": {"covered_lines": 0, "num_statements": 97, "percent_covered": 0.0, "percent_covered_display": "0.00", "missing_lines": 97, "excluded_lines": 0}, "missing_lines": [127, 128, 129, 130, 131, 133, 145, 146, 147, 149, 150, 151, 155, 156, 157, 158, 159, 184, 185, 188, 189, 190, 191, 192, 195, 196, 198, 210, 211, 212, 215, 216, 217, 220, 223, 225, 235, 237, 238, 243, 244, 247, 249, 256, 257, 260, 263, 283, 286, 287, 290, 293, 310, 315, 316, 317, 319, 355, 357, 358, 360, 361, 362, 364, 366, 367, 368, 381, 384, 385, 386, 387, 388, 401, 418, 423, 643, 656, 657, 659, 662, 665, 666, 668, 669, 670, 671, 673, 683, 684, 687, 696, 697, 699, 700, 702, 703], "excluded_lines": []}, "": {"executed_lines": [1, 20, 21, 22, 23, 24, 26, 28, 29, 32, 33, 35, 36, 37, 38, 39, 42, 43, 45, 69, 86, 87, 113, 114, 117, 125, 143, 153, 161, 251, 312, 352, 370, 420, 645, 689, 707, 710], "summary": {"covered_lines": 34, "num_statements": 38, "percent_covered": 89.47368421052632, "percent_covered_display": "89.47", "missing_lines": 4, "excluded_lines": 0}, "missing_lines": [719, 720, 721, 723], "excluded_lines": []}}}, "app/ai/feedback.py": {"executed_lines": [1, 17, 18, 19, 20, 21, 22, 24, 25, 28, 29, 31, 32, 33, 34, 35, 38, 39, 66, 80, 127, 145, 187, 220, 289, 313, 346, 349], "summary": {"covered_lines": 25, "num_statements": 116, "percent_covered": 21.551724137931036, "percent_covered_display": "21.55", "missing_lines": 91, "excluded_lines": 0}, "missing_lines": [73, 76, 78, 103, 105, 117, 118, 119, 121, 125, 137, 139, 140, 142, 143, 164, 166, 167, 168, 171, 172, 174, 175, 177, 178, 180, 181, 183, 185, 197, 200, 201, 204, 205, 207, 208, 211, 212, 214, 215, 218, 232, 233, 236, 239, 241, 242, 243, 245, 246, 248, 251, 253, 254, 255, 257, 260, 261, 262, 265, 268, 269, 271, 280, 282, 283, 285, 287, 299, 300, 302, 303, 305, 306, 307, 309, 311, 320, 322, 323, 326, 327, 329, 330, 331, 333, 334, 336, 358, 359, 361], "excluded_lines": [], "functions": {"FeedbackHandler.__init__": {"executed_lines": [], "summary": {"covered_lines": 0, "num_statements": 3, "percent_covered": 0.0, "percent_covered_display": "0.00", "missing_lines": 3, "excluded_lines": 0}, "missing_lines": [73, 76, 78], "excluded_lines": []}, "FeedbackHandler.record_feedback": {"executed_lines": [], "summary": {"covered_lines": 0, "num_statements": 7, "percent_covered": 0.0, "percent_covered_display": "0.00", "missing_lines": 7, "excluded_lines": 0}, "missing_lines": [103, 105, 117, 118, 119, 121, 125], "excluded_lines": []}, "FeedbackHandler.get_feedback": {"executed_lines": [], "summary": {"covered_lines": 0, "num_statements": 5, "percent_covered": 0.0, "percent_covered_display": "0.00", "missing_lines": 5, "excluded_lines": 0}, "missing_lines": [137, 139, 140, 142, 143], "excluded_lines": []}, "FeedbackHandler.get_all_feedbacks": {"executed_lines": [], "summary": {"covered_lines": 0, "num_statements": 14, "percent_covered": 0.0, "percent_covered_display": "0.00", "missing_lines": 14, "excluded_lines": 0}, "missing_lines": [164, 166, 167, 168, 171, 172, 174, 175, 177, 178, 180, 181, 183, 185], "excluded_lines": []}, "FeedbackHandler.normalize_to_rating": {"executed_lines": [], "summary": {"covered_lines": 0, "num_statements": 12, "percent_covered": 0.0, "percent_covered_display": "0.00", "missing_lines": 12, "excluded_lines": 0}, "missing_lines": [197, 200, 201, 204, 205, 207, 208, 211, 212, 214, 215, 218], "excluded_lines": []}, "FeedbackHandler.get_training_data": {"executed_lines": [], "summary": {"covered_lines": 0, "num_statements": 27, "percent_covered": 0.0, "percent_covered_display": "0.00", "missing_lines": 27, "excluded_lines": 0}, "missing_lines": [232, 233, 236, 239, 241, 242, 243, 245, 246, 248, 251, 253, 254, 255, 257, 260, 261, 262, 265, 268, 269, 271, 280, 282, 283, 285, 287], "excluded_lines": []}, "FeedbackHandler.save_composition": {"executed_lines": [], "summary": {"covered_lines": 0, "num_statements": 9, "percent_covered": 0.0, "percent_covered_display": "0.00", "missing_lines": 9, "excluded_lines": 0}, "missing_lines": [299, 300, 302, 303, 305, 306, 307, 309, 311], "excluded_lines": []}, "FeedbackHandler.get_statistics": {"executed_lines": [], "summary": {"covered_lines": 0, "num_statements": 11, "percent_covered": 0.0, "percent_covered_display": "0.00", "missing_lines": 11, "excluded_lines": 0}, "missing_lines": [320, 322, 323, 326, 327, 329, 330, 331, 333, 334, 336], "excluded_lines": []}, "get_feedback_handler": {"executed_lines": [], "summary": {"covered_lines": 0, "num_statements": 3, "percent_covered": 0.0, "percent_covered_display": "0.00", "missing_lines": 3, "excluded_lines": 0}, "missing_lines": [358, 359, 361], "excluded_lines": []}, "": {"executed_lines": [1, 17, 18, 19, 20, 21, 22, 24, 25, 28, 29, 31, 32, 33, 34, 35, 38, 39, 66, 80, 127, 145, 187, 220, 289, 313, 346, 349], "summary": {"covered_lines": 25, "num_statements": 25, "percent_covered": 100.0, "percent_covered_display": "100.00", "missing_lines": 0, "excluded_lines": 0}, "missing_lines": [], "excluded_lines": []}}, "classes": {"FeedbackType": {"executed_lines": [], "summary": {"covered_lines": 0, "num_statements": 0, "percent_covered": 100.0, "percent_covered_display": "100.00", "missing_lines": 0, "excluded_lines": 0}, "missing_lines": [], "excluded_lines": []}, "FeedbackHandler": {"executed_lines": [], "summary": {"covered_lines": 0, "num_statements": 88, "percent_covered": 0.0, "percent_covered_display": "0.00", "missing_lines": 88, "excluded_lines": 0}, "missing_lines": [73, 76, 78, 103, 105, 117, 118, 119, 121, 125, 137, 139, 140, 142, 143, 164, 166, 167, 168, 171, 172, 174, 175, 177, 178, 180, 181, 183, 185, 197, 200, 201, 204, 205, 207, 208, 211, 212, 214, 215, 218, 232, 233, 236, 239, 241, 242, 243, 245, 246, 248, 251, 253, 254, 255, 257, 260, 261, 262, 265, 268, 269, 271, 280, 282, 283, 285, 287, 299, 300, 302, 303, 305, 306, 307, 309, 311, 320, 322, 323, 326, 327, 329, 330, 331, 333, 334, 336], "excluded_lines": []}, "": {"executed_lines": [1, 17, 18, 19, 20, 21, 22, 24, 25, 28, 29, 31, 32, 33, 34, 35, 38, 39, 66, 80, 127, 145, 187, 220, 289, 313, 346, 349], "summary": {"covered_lines": 25, "num_statements": 28, "percent_covered": 89.28571428571429, "percent_covered_display": "89.29", "missing_lines": 3, "excluded_lines": 0}, "missing_lines": [358, 359, 361], "excluded_lines": []}}}, "app/ai/trainer.py": {"executed_lines": [1, 15, 16, 17, 18, 20, 21, 25, 26, 27, 28, 31, 32, 61, 81, 85, 172, 207, 265, 299, 332, 346, 384, 414, 417, 432], "summary": {"covered_lines": 24, "num_statements": 164, "percent_covered": 14.634146341463415, "percent_covered_display": "14.63", "missing_lines": 140, "excluded_lines": 9}, "missing_lines": [69, 70, 73, 74, 77, 79, 82, 83, 103, 108, 111, 113, 114, 115, 118, 119, 120, 121, 122, 128, 129, 132, 135, 138, 141, 143, 155, 158, 159, 161, 170, 183, 185, 186, 187, 188, 189, 192, 195, 202, 203, 205, 220, 221, 222, 223, 224, 227, 228, 230, 231, 234, 235, 236, 238, 239, 242, 245, 246, 247, 248, 249, 251, 261, 263, 275, 276, 277, 278, 281, 282, 285, 286, 287, 288, 291, 292, 293, 295, 297, 309, 311, 312, 313, 316, 317, 319, 320, 323, 324, 325, 326, 328, 330, 339, 341, 342, 344, 356, 357, 358, 360, 361, 363, 364, 365, 367, 368, 371, 372, 374, 375, 377, 378, 380, 382, 391, 392, 394, 397, 398, 399, 400, 402, 404, 426, 427, 429, 438, 440, 441, 445, 446, 447, 449, 450, 455, 457, 458, 459], "excluded_lines": [22, 23, 442, 443, 451, 452, 453, 460, 461], "functions": {"AITrainer.__init__": {"executed_lines": [], "summary": {"covered_lines": 0, "num_statements": 6, "percent_covered": 0.0, "percent_covered_display": "0.00", "missing_lines": 6, "excluded_lines": 0}, "missing_lines": [69, 70, 73, 74, 77, 79], "excluded_lines": []}, "AITrainer._ensure_numpy": {"executed_lines": [], "summary": {"covered_lines": 0, "num_statements": 2, "percent_covered": 0.0, "percent_covered_display": "0.00", "missing_lines": 2, "excluded_lines": 0}, "missing_lines": [82, 83], "excluded_lines": []}, "AITrainer.train_batch": {"executed_lines": [], "summary": {"covered_lines": 0, "num_statements": 23, "percent_covered": 0.0, "percent_covered_display": "0.00", "missing_lines": 23, "excluded_lines": 0}, "missing_lines": [103, 108, 111, 113, 114, 115, 118, 119, 120, 121, 122, 128, 129, 132, 135, 138, 141, 143, 155, 158, 159, 161, 170], "excluded_lines": []}, "AITrainer.train_online": {"executed_lines": [], "summary": {"covered_lines": 0, "num_statements": 11, "percent_covered": 0.0, "percent_covered_display": "0.00", "missing_lines": 11, "excluded_lines": 0}, "missing_lines": [183, 185, 186, 187, 188, 189, 192, 195, 202, 203, 205], "excluded_lines": []}, "AITrainer.validate": {"executed_lines": [], "summary": {"covered_lines": 0, "num_statements": 23, "percent_covered": 0.0, "percent_covered_display": "0.00", "missing_lines": 23, "excluded_lines": 0}, "missing_lines": [220, 221, 222, 223, 224, 227, 228, 230, 231, 234, 235, 236, 238, 239, 242, 245, 246, 247, 248, 249, 251, 261, 263], "excluded_lines": []}, "AITrainer.save_checkpoint": {"executed_lines": [], "summary": {"covered_lines": 0, "num_statements": 15, "percent_covered": 0.0, "percent_covered_display": "0.00", "missing_lines": 15, "excluded_lines": 0}, "missing_lines": [275, 276, 277, 278, 281, 282, 285, 286, 287, 288, 291, 292, 293, 295, 297], "excluded_lines": []}, "AITrainer.load_checkpoint": {"executed_lines": [], "summary": {"covered_lines": 0, "num_statements": 14, "percent_covered": 0.0, "percent_covered_display": "0.00", "missing_lines": 14, "excluded_lines": 0}, "missing_lines": [309, 311, 312, 313, 316, 317, 319, 320, 323, 324, 325, 326, 328, 330], "excluded_lines": []}, "AITrainer.get_latest_checkpoint": {"executed_lines": [], "summary": {"covered_lines": 0, "num_statements": 4, "percent_covered": 0.0, "percent_covered_display": "0.00", "missing_lines": 4, "excluded_lines": 0}, "missing_lines": [339, 341, 342, 344], "excluded_lines": []}, "AITrainer._evaluate_model": {"executed_lines": [], "summary": {"covered_lines": 0, "num_statements": 18, "percent_covered": 0.0, "percent_covered_display": "0.00", "missing_lines": 18, "excluded_lines": 0}, "missing_lines": [356, 357, 358, 360, 361, 363, 364, 365, 367, 368, 371, 372, 374, 375, 377, 378, 380, 382], "excluded_lines": []}, "AITrainer.get_training_summary": {"executed_lines": [], "summary": {"covered_lines": 0, "num_statements": 9, "percent_covered": 0.0, "percent_covered_display": "0.00", "missing_lines": 9, "excluded_lines": 0}, "missing_lines": [391, 392, 394, 397, 398, 399, 400, 402, 404], "excluded_lines": []}, "get_ai_trainer": {"executed_lines": [], "summary": {"covered_lines": 0, "num_statements": 3, "percent_covered": 0.0, "percent_covered_display": "0.00", "missing_lines": 3, "excluded_lines": 0}, "missing_lines": [426, 427, 429], "excluded_lines": []}, "trigger_incremental_training": {"executed_lines": [], "summary": {"covered_lines": 0, "num_statements": 12, "percent_covered": 0.0, "percent_covered_display": "0.00", "missing_lines": 12, "excluded_lines": 7}, "missing_lines": [438, 440, 441, 445, 446, 447, 449, 450, 455, 457, 458, 459], "excluded_lines": [442, 443, 451, 452, 453, 460, 461]}, "": {"executed_lines": [1, 15, 16, 17, 18, 20, 21, 25, 26, 27, 28, 31, 32, 61, 81, 85, 172, 207, 265, 299, 332, 346, 384, 414, 417, 432], "summary": {"covered_lines": 24, "num_statements": 24, "percent_covered": 100.0, "percent_covered_display": "100.00", "missing_lines": 0, "excluded_lines": 2}, "missing_lines": [], "excluded_lines": [22, 23]}}, "classes": {"AITrainer": {"executed_lines": [], "summary": {"covered_lines": 0, "num_statements": 125, "percent_covered": 0.0, "percent_covered_display": "0.00", "missing_lines": 125, "excluded_lines": 0}, "missing_lines": [69, 70, 73, 74, 77, 79, 82, 83, 103, 108, 111, 113, 114, 115, 118, 119, 120, 121, 122, 128, 129, 132, 135, 138, 141, 143, 155, 158, 159, 161, 170, 183, 185, 186, 187, 188, 189, 192, 195, 202, 203, 205, 220, 221, 222, 223, 224, 227, 228, 230, 231, 234, 235, 236, 238, 239, 242, 245, 246, 247, 248, 249, 251, 261, 263, 275, 276, 277, 278, 281, 282, 285, 286, 287, 288, 291, 292, 293, 295, 297, 309, 311, 312, 313, 316, 317, 319, 320, 323, 324, 325, 326, 328, 330, 339, 341, 342, 344, 356, 357, 358, 360, 361, 363, 364, 365, 367, 368, 371, 372, 374, 375, 377, 378, 380, 382, 391, 392, 394, 397, 398, 399, 400, 402, 404], "excluded_lines": []}, "": {"executed_lines": [1, 15, 16, 17, 18, 20, 21, 25, 26, 27, 28, 31, 32, 61, 81, 85, 172, 207, 265, 299, 332, 346, 384, 414, 417, 432], "summary": {"covered_lines": 24, "num_statements": 39, "percent_covered": 61.53846153846154, "percent_covered_display": "61.54", "missing_lines": 15, "excluded_lines": 9}, "missing_lines": [426, 427, 429, 438, 440, 441, 445, 446, 447, 449, 450, 455, 457, 458, 459], "excluded_lines": [22, 23, 442, 443, 451, 452, 453, 460, 461]}}}, "app/api/__init__.py": {"executed_lines": [1, 10, 31, 32, 33, 34, 35, 36, 39], "summary": {"covered_lines": 8, "num_statements": 8, "percent_covered": 100.0, "percent_covered_display": "100.00", "missing_lines": 0, "excluded_lines": 0}, "missing_lines": [], "excluded_lines": [], "functions": {"": {"executed_lines": [1, 10, 31, 32, 33, 34, 35, 36, 39], "summary": {"covered_lines": 8, "num_statements": 8, "percent_covered": 100.0, "percent_covered_display": "100.00", "missing_lines": 0, "excluded_lines": 0}, "missing_lines": [], "excluded_lines": []}}, "classes": {"": {"executed_lines": [1, 10, 31, 32, 33, 34, 35, 36, 39], "summary": {"covered_lines": 8, "num_statements": 8, "percent_covered": 100.0, "percent_covered_display": "100.00", "missing_lines": 0, "excluded_lines": 0}, "missing_lines": [], "excluded_lines": []}}}, "app/api/ai.py": {"executed_lines": [1, 10, 11, 12, 14, 15, 16, 17, 19, 20, 21, 22, 23, 24, 26, 29, 37, 38, 40, 41, 42, 45, 52, 53, 118, 125, 193, 200, 223, 230, 252, 259, 282, 289, 320, 327, 358, 364], "summary": {"covered_lines": 36, "num_statements": 118, "percent_covered": 30.508474576271187, "percent_covered_display": "30.51", "missing_lines": 82, "excluded_lines": 0}, "missing_lines": [67, 69, 79, 81, 82, 85, 88, 96, 98, 108, 110, 111, 112, 113, 114, 115, 141, 142, 144, 147, 148, 149, 152, 154, 156, 167, 169, 183, 184, 185, 212, 213, 214, 215, 216, 217, 218, 219, 220, 241, 242, 243, 244, 245, 246, 247, 248, 249, 271, 272, 273, 274, 275, 276, 277, 278, 279, 307, 308, 309, 310, 311, 312, 313, 314, 315, 345, 346, 347, 348, 349, 350, 351, 352, 353, 373, 374, 375, 376, 377, 378, 379], "excluded_lines": [], "functions": {"compose_team": {"executed_lines": [], "summary": {"covered_lines": 0, "num_statements": 16, "percent_covered": 0.0, "percent_covered_display": "0.00", "missing_lines": 16, "excluded_lines": 0}, "missing_lines": [67, 69, 79, 81, 82, 85, 88, 96, 98, 108, 110, 111, 112, 113, 114, 115], "excluded_lines": []}, "get_context": {"executed_lines": [], "summary": {"covered_lines": 0, "num_statements": 14, "percent_covered": 0.0, "percent_covered_display": "0.00", "missing_lines": 14, "excluded_lines": 0}, "missing_lines": [141, 142, 144, 147, 148, 149, 152, 154, 156, 167, 169, 183, 184, 185], "excluded_lines": []}, "recommend_build": {"executed_lines": [], "summary": {"covered_lines": 0, "num_statements": 9, "percent_covered": 0.0, "percent_covered_display": "0.00", "missing_lines": 9, "excluded_lines": 0}, "missing_lines": [212, 213, 214, 215, 216, 217, 218, 219, 220], "excluded_lines": []}, "analyze_team_synergy": {"executed_lines": [], "summary": {"covered_lines": 0, "num_statements": 9, "percent_covered": 0.0, "percent_covered_display": "0.00", "missing_lines": 9, "excluded_lines": 0}, "missing_lines": [241, 242, 243, 244, 245, 246, 247, 248, 249], "excluded_lines": []}, "optimize_team": {"executed_lines": [], "summary": {"covered_lines": 0, "num_statements": 9, "percent_covered": 0.0, "percent_covered_display": "0.00", "missing_lines": 9, "excluded_lines": 0}, "missing_lines": [271, 272, 273, 274, 275, 276, 277, 278, 279], "excluded_lines": []}, "execute_build_optimization": {"executed_lines": [], "summary": {"covered_lines": 0, "num_statements": 9, "percent_covered": 0.0, "percent_covered_display": "0.00", "missing_lines": 9, "excluded_lines": 0}, "missing_lines": [307, 308, 309, 310, 311, 312, 313, 314, 315], "excluded_lines": []}, "execute_team_analysis": {"executed_lines": [], "summary": {"covered_lines": 0, "num_statements": 9, "percent_covered": 0.0, "percent_covered_display": "0.00", "missing_lines": 9, "excluded_lines": 0}, "missing_lines": [345, 346, 347, 348, 349, 350, 351, 352, 353], "excluded_lines": []}, "get_ai_status": {"executed_lines": [], "summary": {"covered_lines": 0, "num_statements": 7, "percent_covered": 0.0, "percent_covered_display": "0.00", "missing_lines": 7, "excluded_lines": 0}, "missing_lines": [373, 374, 375, 376, 377, 378, 379], "excluded_lines": []}, "": {"executed_lines": [1, 10, 11, 12, 14, 15, 16, 17, 19, 20, 21, 22, 23, 24, 26, 29, 37, 38, 40, 41, 42, 45, 52, 53, 118, 125, 193, 200, 223, 230, 252, 259, 282, 289, 320, 327, 358, 364], "summary": {"covered_lines": 36, "num_statements": 36, "percent_covered": 100.0, "percent_covered_display": "100.00", "missing_lines": 0, "excluded_lines": 0}, "missing_lines": [], "excluded_lines": []}}, "classes": {"ComposeRequest": {"executed_lines": [], "summary": {"covered_lines": 0, "num_statements": 0, "percent_covered": 100.0, "percent_covered_display": "100.00", "missing_lines": 0, "excluded_lines": 0}, "missing_lines": [], "excluded_lines": []}, "": {"executed_lines": [1, 10, 11, 12, 14, 15, 16, 17, 19, 20, 21, 22, 23, 24, 26, 29, 37, 38, 40, 41, 42, 45, 52, 53, 118, 125, 193, 200, 223, 230, 252, 259, 282, 289, 320, 327, 358, 364], "summary": {"covered_lines": 36, "num_statements": 118, "percent_covered": 30.508474576271187, "percent_covered_display": "30.51", "missing_lines": 82, "excluded_lines": 0}, "missing_lines": [67, 69, 79, 81, 82, 85, 88, 96, 98, 108, 110, 111, 112, 113, 114, 115, 141, 142, 144, 147, 148, 149, 152, 154, 156, 167, 169, 183, 184, 185, 212, 213, 214, 215, 216, 217, 218, 219, 220, 241, 242, 243, 244, 245, 246, 247, 248, 249, 271, 272, 273, 274, 275, 276, 277, 278, 279, 307, 308, 309, 310, 311, 312, 313, 314, 315, 345, 346, 347, 348, 349, 350, 351, 352, 353, 373, 374, 375, 376, 377, 378, 379], "excluded_lines": []}}}, "app/api/ai_feedback.py": {"executed_lines": [1, 10, 12, 13, 14, 15, 16, 18, 19, 21, 22, 23, 24, 25, 26, 27, 29, 32, 33, 35, 36, 37, 38, 41, 47, 68, 69], "summary": {"covered_lines": 25, "num_statements": 55, "percent_covered": 45.45454545454545, "percent_covered_display": "45.45", "missing_lines": 30, "excluded_lines": 16}, "missing_lines": [44, 50, 51, 53, 54, 56, 62, 63, 65, 77, 78, 79, 81, 82, 83, 85, 86, 87, 115, 116, 118, 119, 120, 121, 122, 124, 129, 130, 132, 142], "excluded_lines": [95, 96, 100, 101, 102, 103, 104, 105, 106, 107, 111, 112, 113, 125, 126, 127], "functions": {"get_settings": {"executed_lines": [], "summary": {"covered_lines": 0, "num_statements": 1, "percent_covered": 0.0, "percent_covered_display": "0.00", "missing_lines": 1, "excluded_lines": 0}, "missing_lines": [44], "excluded_lines": []}, "_persist_feedback_fallback": {"executed_lines": [], "summary": {"covered_lines": 0, "num_statements": 8, "percent_covered": 0.0, "percent_covered_display": "0.00", "missing_lines": 8, "excluded_lines": 0}, "missing_lines": [50, 51, 53, 54, 56, 62, 63, 65], "excluded_lines": []}, "submit_feedback": {"executed_lines": [], "summary": {"covered_lines": 0, "num_statements": 21, "percent_covered": 0.0, "percent_covered_display": "0.00", "missing_lines": 21, "excluded_lines": 16}, "missing_lines": [77, 78, 79, 81, 82, 83, 85, 86, 87, 115, 116, 118, 119, 120, 121, 122, 124, 129, 130, 132, 142], "excluded_lines": [95, 96, 100, 101, 102, 103, 104, 105, 106, 107, 111, 112, 113, 125, 126, 127]}, "": {"executed_lines": [1, 10, 12, 13, 14, 15, 16, 18, 19, 21, 22, 23, 24, 25, 26, 27, 29, 32, 33, 35, 36, 37, 38, 41, 47, 68, 69], "summary": {"covered_lines": 25, "num_statements": 25, "percent_covered": 100.0, "percent_covered_display": "100.00", "missing_lines": 0, "excluded_lines": 0}, "missing_lines": [], "excluded_lines": []}}, "classes": {"FeedbackIn": {"executed_lines": [], "summary": {"covered_lines": 0, "num_statements": 0, "percent_covered": 100.0, "percent_covered_display": "100.00", "missing_lines": 0, "excluded_lines": 0}, "missing_lines": [], "excluded_lines": []}, "": {"executed_lines": [1, 10, 12, 13, 14, 15, 16, 18, 19, 21, 22, 23, 24, 25, 26, 27, 29, 32, 33, 35, 36, 37, 38, 41, 47, 68, 69], "summary": {"covered_lines": 25, "num_statements": 55, "percent_covered": 45.45454545454545, "percent_covered_display": "45.45", "missing_lines": 30, "excluded_lines": 16}, "missing_lines": [44, 50, 51, 53, 54, 56, 62, 63, 65, 77, 78, 79, 81, 82, 83, 85, 86, 87, 115, 116, 118, 119, 120, 121, 122, 124, 129, 130, 132, 142], "excluded_lines": [95, 96, 100, 101, 102, 103, 104, 105, 106, 107, 111, 112, 113, 125, 126, 127]}}}, "app/api/ai_optimizer.py": {"executed_lines": [1, 8, 9, 11, 12, 14, 15, 16, 18, 21, 22, 24, 25, 26, 27, 30, 31, 33, 34, 35, 36, 37, 38, 41, 42, 131, 132, 147], "summary": {"covered_lines": 25, "num_statements": 88, "percent_covered": 28.40909090909091, "percent_covered_display": "28.41", "missing_lines": 63, "excluded_lines": 0}, "missing_lines": [68, 70, 72, 74, 75, 76, 77, 78, 79, 80, 81, 82, 83, 85, 88, 89, 91, 92, 95, 97, 100, 101, 103, 112, 113, 115, 117, 126, 127, 128, 139, 164, 167, 168, 170, 176, 177, 178, 181, 182, 183, 184, 186, 189, 190, 192, 198, 199, 202, 203, 205, 211, 212, 215, 216, 217, 218, 220, 222, 223, 224, 225, 227], "excluded_lines": [], "functions": {"optimize_team": {"executed_lines": [], "summary": {"covered_lines": 0, "num_statements": 30, "percent_covered": 0.0, "percent_covered_display": "0.00", "missing_lines": 30, "excluded_lines": 0}, "missing_lines": [68, 70, 72, 74, 75, 76, 77, 78, 79, 80, 81, 82, 83, 85, 88, 89, 91, 92, 95, 97, 100, 101, 103, 112, 113, 115, 117, 126, 127, 128], "excluded_lines": []}, "test_ai_optimizer": {"executed_lines": [], "summary": {"covered_lines": 0, "num_statements": 1, "percent_covered": 0.0, "percent_covered_display": "0.00", "missing_lines": 1, "excluded_lines": 0}, "missing_lines": [139], "excluded_lines": []}, "validate_composition": {"executed_lines": [], "summary": {"covered_lines": 0, "num_statements": 32, "percent_covered": 0.0, "percent_covered_display": "0.00", "missing_lines": 32, "excluded_lines": 0}, "missing_lines": [164, 167, 168, 170, 176, 177, 178, 181, 182, 183, 184, 186, 189, 190, 192, 198, 199, 202, 203, 205, 211, 212, 215, 216, 217, 218, 220, 222, 223, 224, 225, 227], "excluded_lines": []}, "": {"executed_lines": [1, 8, 9, 11, 12, 14, 15, 16, 18, 21, 22, 24, 25, 26, 27, 30, 31, 33, 34, 35, 36, 37, 38, 41, 42, 131, 132, 147], "summary": {"covered_lines": 25, "num_statements": 25, "percent_covered": 100.0, "percent_covered_display": "100.00", "missing_lines": 0, "excluded_lines": 0}, "missing_lines": [], "excluded_lines": []}}, "classes": {"TeamOptimizationRequest": {"executed_lines": [], "summary": {"covered_lines": 0, "num_statements": 0, "percent_covered": 100.0, "percent_covered_display": "100.00", "missing_lines": 0, "excluded_lines": 0}, "missing_lines": [], "excluded_lines": []}, "TeamOptimizationResponse": {"executed_lines": [], "summary": {"covered_lines": 0, "num_statements": 0, "percent_covered": 100.0, "percent_covered_display": "100.00", "missing_lines": 0, "excluded_lines": 0}, "missing_lines": [], "excluded_lines": []}, "": {"executed_lines": [1, 8, 9, 11, 12, 14, 15, 16, 18, 21, 22, 24, 25, 26, 27, 30, 31, 33, 34, 35, 36, 37, 38, 41, 42, 131, 132, 147], "summary": {"covered_lines": 25, "num_statements": 88, "percent_covered": 28.40909090909091, "percent_covered_display": "28.41", "missing_lines": 63, "excluded_lines": 0}, "missing_lines": [68, 70, 72, 74, 75, 76, 77, 78, 79, 80, 81, 82, 83, 85, 88, 89, 91, 92, 95, 97, 100, 101, 103, 112, 113, 115, 117, 126, 127, 128, 139, 164, 167, 168, 170, 176, 177, 178, 181, 182, 183, 184, 186, 189, 190, 192, 198, 199, 202, 203, 205, 211, 212, 215, 216, 217, 218, 220, 222, 223, 224, 225, 227], "excluded_lines": []}}}, "app/api/auth.py": {"executed_lines": [1, 8, 9, 10, 11, 12, 13, 14, 16, 17, 18, 19, 20, 22, 23, 24, 25, 34, 40, 41, 42, 43, 44, 52, 53, 55, 58, 59, 62, 72, 73, 75, 76, 79, 101, 102, 105, 144, 147, 148, 149, 150, 151, 152, 155, 175, 194, 238, 277, 278, 315, 316, 343, 355, 356, 413, 425, 426, 436, 446, 484, 485, 486, 502, 503, 529, 539, 544, 550, 560, 566, 576, 582, 595, 604], "summary": {"covered_lines": 74, "num_statements": 263, "percent_covered": 28.136882129277566, "percent_covered_display": "28.14", "missing_lines": 189, "excluded_lines": 0}, "missing_lines": [64, 65, 66, 67, 68, 69, 80, 81, 82, 83, 84, 86, 87, 88, 89, 90, 91, 92, 93, 94, 96, 98, 103, 106, 108, 109, 110, 111, 112, 113, 114, 116, 117, 118, 119, 121, 122, 124, 128, 129, 131, 132, 134, 135, 137, 138, 140, 142, 158, 164, 165, 167, 168, 169, 170, 172, 177, 180, 181, 183, 197, 198, 205, 206, 208, 209, 210, 212, 213, 215, 216, 217, 220, 222, 223, 224, 225, 226, 227, 229, 230, 289, 290, 291, 292, 293, 295, 296, 297, 298, 300, 301, 308, 309, 311, 312, 320, 324, 325, 326, 327, 328, 329, 330, 332, 333, 335, 336, 338, 339, 340, 363, 364, 366, 368, 369, 377, 379, 380, 387, 389, 390, 392, 393, 397, 399, 401, 409, 433, 452, 453, 455, 456, 458, 459, 460, 462, 463, 465, 466, 471, 472, 476, 478, 480, 481, 490, 491, 492, 493, 494, 495, 497, 499, 510, 511, 512, 513, 514, 515, 516, 518, 519, 520, 521, 523, 524, 525, 526, 541, 555, 556, 557, 571, 572, 573, 587, 588, 589, 590, 591, 592, 611, 612, 613, 616, 618, 619, 620], "excluded_lines": [], "functions": {"_is_testing": {"executed_lines": [59], "summary": {"covered_lines": 1, "num_statements": 1, "percent_covered": 100.0, "percent_covered_display": "100.00", "missing_lines": 0, "excluded_lines": 0}, "missing_lines": [], "excluded_lines": []}, "rate_limit_key": {"executed_lines": [], "summary": {"covered_lines": 0, "num_statements": 6, "percent_covered": 0.0, "percent_covered_display": "0.00", "missing_lines": 6, "excluded_lines": 0}, "missing_lines": [64, 65, 66, 67, 68, 69], "excluded_lines": []}, "_parse_rate_limit": {"executed_lines": [], "summary": {"covered_lines": 0, "num_statements": 16, "percent_covered": 0.0, "percent_covered_display": "0.00", "missing_lines": 16, "excluded_lines": 0}, "missing_lines": [80, 81, 82, 83, 84, 86, 87, 88, 89, 90, 91, 92, 93, 94, 96, 98], "excluded_lines": []}, "rate_limit": {"executed_lines": [102, 105, 144], "summary": {"covered_lines": 3, "num_statements": 8, "percent_covered": 37.5, "percent_covered_display": "37.50", "missing_lines": 5, "excluded_lines": 0}, "missing_lines": [103, 106, 108, 109, 142], "excluded_lines": []}, "rate_limit.decorator": {"executed_lines": [], "summary": {"covered_lines": 0, "num_statements": 2, "percent_covered": 0.0, "percent_covered_display": "0.00", "missing_lines": 2, "excluded_lines": 0}, "missing_lines": [110, 140], "excluded_lines": []}, "rate_limit.decorator.wrapper": {"executed_lines": [], "summary": {"covered_lines": 0, "num_statements": 19, "percent_covered": 0.0, "percent_covered_display": "0.00", "missing_lines": 19, "excluded_lines": 0}, "missing_lines": [111, 112, 113, 114, 116, 117, 118, 119, 121, 122, 124, 128, 129, 131, 132, 134, 135, 137, 138], "excluded_lines": []}, "_cookie_options": {"executed_lines": [], "summary": {"covered_lines": 0, "num_statements": 8, "percent_covered": 0.0, "percent_covered_display": "0.00", "missing_lines": 8, "excluded_lines": 0}, "missing_lines": [158, 164, 165, 167, 168, 169, 170, 172], "excluded_lines": []}, "_set_auth_cookie": {"executed_lines": [], "summary": {"covered_lines": 0, "num_statements": 4, "percent_covered": 0.0, "percent_covered_display": "0.00", "missing_lines": 4, "excluded_lines": 0}, "missing_lines": [177, 180, 181, 183], "excluded_lines": []}, "_clear_auth_cookie": {"executed_lines": [], "summary": {"covered_lines": 0, "num_statements": 21, "percent_covered": 0.0, "percent_covered_display": "0.00", "missing_lines": 21, "excluded_lines": 0}, "missing_lines": [197, 198, 205, 206, 208, 209, 210, 212, 213, 215, 216, 217, 220, 222, 223, 224, 225, 226, 227, 229, 230], "excluded_lines": []}, "register": {"executed_lines": [], "summary": {"covered_lines": 0, "num_statements": 15, "percent_covered": 0.0, "percent_covered_display": "0.00", "missing_lines": 15, "excluded_lines": 0}, "missing_lines": [289, 290, 291, 292, 293, 295, 296, 297, 298, 300, 301, 308, 309, 311, 312], "excluded_lines": []}, "verify_email": {"executed_lines": [], "summary": {"covered_lines": 0, "num_statements": 15, "percent_covered": 0.0, "percent_covered_display": "0.00", "missing_lines": 15, "excluded_lines": 0}, "missing_lines": [320, 324, 325, 326, 327, 328, 329, 330, 332, 333, 335, 336, 338, 339, 340], "excluded_lines": []}, "login_for_access_token": {"executed_lines": [], "summary": {"covered_lines": 0, "num_statements": 17, "percent_covered": 0.0, "percent_covered_display": "0.00", "missing_lines": 17, "excluded_lines": 0}, "missing_lines": [363, 364, 366, 368, 369, 377, 379, 380, 387, 389, 390, 392, 393, 397, 399, 401, 409], "excluded_lines": []}, "login_alias": {"executed_lines": [], "summary": {"covered_lines": 0, "num_statements": 1, "percent_covered": 0.0, "percent_covered_display": "0.00", "missing_lines": 1, "excluded_lines": 0}, "missing_lines": [433], "excluded_lines": []}, "refresh_token": {"executed_lines": [], "summary": {"covered_lines": 0, "num_statements": 17, "percent_covered": 0.0, "percent_covered_display": "0.00", "missing_lines": 17, "excluded_lines": 0}, "missing_lines": [452, 453, 455, 456, 458, 459, 460, 462, 463, 465, 466, 471, 472, 476, 478, 480, 481], "excluded_lines": []}, "recover_password": {"executed_lines": [], "summary": {"covered_lines": 0, "num_statements": 8, "percent_covered": 0.0, "percent_covered_display": "0.00", "missing_lines": 8, "excluded_lines": 0}, "missing_lines": [490, 491, 492, 493, 494, 495, 497, 499], "excluded_lines": []}, "reset_password": {"executed_lines": [], "summary": {"covered_lines": 0, "num_statements": 15, "percent_covered": 0.0, "percent_covered_display": "0.00", "missing_lines": 15, "excluded_lines": 0}, "missing_lines": [510, 511, 512, 513, 514, 515, 516, 518, 519, 520, 521, 523, 524, 525, 526], "excluded_lines": []}, "read_users_me": {"executed_lines": [], "summary": {"covered_lines": 0, "num_statements": 1, "percent_covered": 0.0, "percent_covered_display": "0.00", "missing_lines": 1, "excluded_lines": 0}, "missing_lines": [541], "excluded_lines": []}, "update_user_me": {"executed_lines": [], "summary": {"covered_lines": 0, "num_statements": 3, "percent_covered": 0.0, "percent_covered_display": "0.00", "missing_lines": 3, "excluded_lines": 0}, "missing_lines": [555, 556, 557], "excluded_lines": []}, "update_user_preferences": {"executed_lines": [], "summary": {"covered_lines": 0, "num_statements": 3, "percent_covered": 0.0, "percent_covered_display": "0.00", "missing_lines": 3, "excluded_lines": 0}, "missing_lines": [571, 572, 573], "excluded_lines": []}, "get_login_history": {"executed_lines": [], "summary": {"covered_lines": 0, "num_statements": 6, "percent_covered": 0.0, "percent_covered_display": "0.00", "missing_lines": 6, "excluded_lines": 0}, "missing_lines": [587, 588, 589, 590, 591, 592], "excluded_lines": []}, "logout": {"executed_lines": [], "summary": {"covered_lines": 0, "num_statements": 7, "percent_covered": 0.0, "percent_covered_display": "0.00", "missing_lines": 7, "excluded_lines": 0}, "missing_lines": [611, 612, 613, 616, 618, 619, 620], "excluded_lines": []}, "": {"executed_lines": [1, 8, 9, 10, 11, 12, 13, 14, 16, 17, 18, 19, 20, 22, 23, 24, 25, 34, 40, 41, 42, 43, 44, 52, 53, 55, 58, 62, 72, 73, 75, 76, 79, 101, 147, 148, 149, 150, 151, 152, 155, 175, 194, 238, 277, 278, 315, 316, 343, 355, 356, 413, 425, 426, 436, 446, 484, 485, 486, 502, 503, 529, 539, 544, 550, 560, 566, 576, 582, 595, 604], "summary": {"covered_lines": 70, "num_statements": 70, "percent_covered": 100.0, "percent_covered_display": "100.00", "missing_lines": 0, "excluded_lines": 0}, "missing_lines": [], "excluded_lines": []}}, "classes": {"CookieOptions": {"executed_lines": [], "summary": {"covered_lines": 0, "num_statements": 0, "percent_covered": 100.0, "percent_covered_display": "100.00", "missing_lines": 0, "excluded_lines": 0}, "missing_lines": [], "excluded_lines": []}, "": {"executed_lines": [1, 8, 9, 10, 11, 12, 13, 14, 16, 17, 18, 19, 20, 22, 23, 24, 25, 34, 40, 41, 42, 43, 44, 52, 53, 55, 58, 59, 62, 72, 73, 75, 76, 79, 101, 102, 105, 144, 147, 148, 149, 150, 151, 152, 155, 175, 194, 238, 277, 278, 315, 316, 343, 355, 356, 413, 425, 426, 436, 446, 484, 485, 486, 502, 503, 529, 539, 544, 550, 560, 566, 576, 582, 595, 604], "summary": {"covered_lines": 74, "num_statements": 263, "percent_covered": 28.136882129277566, "percent_covered_display": "28.14", "missing_lines": 189, "excluded_lines": 0}, "missing_lines": [64, 65, 66, 67, 68, 69, 80, 81, 82, 83, 84, 86, 87, 88, 89, 90, 91, 92, 93, 94, 96, 98, 103, 106, 108, 109, 110, 111, 112, 113, 114, 116, 117, 118, 119, 121, 122, 124, 128, 129, 131, 132, 134, 135, 137, 138, 140, 142, 158, 164, 165, 167, 168, 169, 170, 172, 177, 180, 181, 183, 197, 198, 205, 206, 208, 209, 210, 212, 213, 215, 216, 217, 220, 222, 223, 224, 225, 226, 227, 229, 230, 289, 290, 291, 292, 293, 295, 296, 297, 298, 300, 301, 308, 309, 311, 312, 320, 324, 325, 326, 327, 328, 329, 330, 332, 333, 335, 336, 338, 339, 340, 363, 364, 366, 368, 369, 377, 379, 380, 387, 389, 390, 392, 393, 397, 399, 401, 409, 433, 452, 453, 455, 456, 458, 459, 460, 462, 463, 465, 466, 471, 472, 476, 478, 480, 481, 490, 491, 492, 493, 494, 495, 497, 499, 510, 511, 512, 513, 514, 515, 516, 518, 519, 520, 521, 523, 524, 525, 526, 541, 555, 556, 557, 571, 572, 573, 587, 588, 589, 590, 591, 592, 611, 612, 613, 616, 618, 619, 620], "excluded_lines": []}}}, "app/api/builds.py": {"executed_lines": [1, 3, 5, 7, 8, 11, 12], "summary": {"covered_lines": 6, "num_statements": 7, "percent_covered": 85.71428571428571, "percent_covered_display": "85.71", "missing_lines": 1, "excluded_lines": 0}, "missing_lines": [14], "excluded_lines": [], "functions": {"legacy_notice": {"executed_lines": [], "summary": {"covered_lines": 0, "num_statements": 1, "percent_covered": 0.0, "percent_covered_display": "0.00", "missing_lines": 1, "excluded_lines": 0}, "missing_lines": [14], "excluded_lines": []}, "": {"executed_lines": [1, 3, 5, 7, 8, 11, 12], "summary": {"covered_lines": 6, "num_statements": 6, "percent_covered": 100.0, "percent_covered_display": "100.00", "missing_lines": 0, "excluded_lines": 0}, "missing_lines": [], "excluded_lines": []}}, "classes": {"": {"executed_lines": [1, 3, 5, 7, 8, 11, 12], "summary": {"covered_lines": 6, "num_statements": 7, "percent_covered": 85.71428571428571, "percent_covered_display": "85.71", "missing_lines": 1, "excluded_lines": 0}, "missing_lines": [14], "excluded_lines": []}}}, "app/api/builds_db.py": {"executed_lines": [1, 3, 5, 6, 8, 9, 10, 11, 12, 13, 25, 26, 28, 31, 58, 59, 110, 111, 112, 146, 147, 192, 193, 194, 231, 232, 233, 269, 270, 271, 296, 297], "summary": {"covered_lines": 31, "num_statements": 97, "percent_covered": 31.95876288659794, "percent_covered_display": "31.96", "missing_lines": 66, "excluded_lines": 0}, "missing_lines": [33, 89, 90, 91, 94, 95, 96, 97, 98, 101, 103, 104, 105, 106, 107, 130, 131, 132, 134, 135, 137, 139, 140, 141, 142, 143, 173, 174, 175, 185, 187, 188, 189, 216, 217, 218, 222, 224, 225, 226, 253, 254, 255, 257, 258, 260, 262, 263, 264, 265, 266, 285, 286, 287, 289, 290, 291, 292, 293, 308, 309, 310, 312, 314, 315, 316], "excluded_lines": [], "functions": {"build_db_to_pydantic": {"executed_lines": [], "summary": {"covered_lines": 0, "num_statements": 1, "percent_covered": 0.0, "percent_covered_display": "0.00", "missing_lines": 1, "excluded_lines": 0}, "missing_lines": [33], "excluded_lines": []}, "create_build": {"executed_lines": [], "summary": {"covered_lines": 0, "num_statements": 14, "percent_covered": 0.0, "percent_covered_display": "0.00", "missing_lines": 14, "excluded_lines": 0}, "missing_lines": [89, 90, 91, 94, 95, 96, 97, 98, 101, 103, 104, 105, 106, 107], "excluded_lines": []}, "get_build": {"executed_lines": [], "summary": {"covered_lines": 0, "num_statements": 11, "percent_covered": 0.0, "percent_covered_display": "0.00", "missing_lines": 11, "excluded_lines": 0}, "missing_lines": [130, 131, 132, 134, 135, 137, 139, 140, 141, 142, 143], "excluded_lines": []}, "list_user_builds": {"executed_lines": [], "summary": {"covered_lines": 0, "num_statements": 7, "percent_covered": 0.0, "percent_covered_display": "0.00", "missing_lines": 7, "excluded_lines": 0}, "missing_lines": [173, 174, 175, 185, 187, 188, 189], "excluded_lines": []}, "list_public_builds": {"executed_lines": [], "summary": {"covered_lines": 0, "num_statements": 7, "percent_covered": 0.0, "percent_covered_display": "0.00", "missing_lines": 7, "excluded_lines": 0}, "missing_lines": [216, 217, 218, 222, 224, 225, 226], "excluded_lines": []}, "update_build": {"executed_lines": [], "summary": {"covered_lines": 0, "num_statements": 11, "percent_covered": 0.0, "percent_covered_display": "0.00", "missing_lines": 11, "excluded_lines": 0}, "missing_lines": [253, 254, 255, 257, 258, 260, 262, 263, 264, 265, 266], "excluded_lines": []}, "delete_build": {"executed_lines": [], "summary": {"covered_lines": 0, "num_statements": 8, "percent_covered": 0.0, "percent_covered_display": "0.00", "missing_lines": 8, "excluded_lines": 0}, "missing_lines": [285, 286, 287, 289, 290, 291, 292, 293], "excluded_lines": []}, "get_build_count": {"executed_lines": [], "summary": {"covered_lines": 0, "num_statements": 7, "percent_covered": 0.0, "percent_covered_display": "0.00", "missing_lines": 7, "excluded_lines": 0}, "missing_lines": [308, 309, 310, 312, 314, 315, 316], "excluded_lines": []}, "": {"executed_lines": [1, 3, 5, 6, 8, 9, 10, 11, 12, 13, 25, 26, 28, 31, 58, 59, 110, 111, 112, 146, 147, 192, 193, 194, 231, 232, 233, 269, 270, 271, 296, 297], "summary": {"covered_lines": 31, "num_statements": 31, "percent_covered": 100.0, "percent_covered_display": "100.00", "missing_lines": 0, "excluded_lines": 0}, "missing_lines": [], "excluded_lines": []}}, "classes": {"": {"executed_lines": [1, 3, 5, 6, 8, 9, 10, 11, 12, 13, 25, 26, 28, 31, 58, 59, 110, 111, 112, 146, 147, 192, 193, 194, 231, 232, 233, 269, 270, 271, 296, 297], "summary": {"covered_lines": 31, "num_statements": 97, "percent_covered": 31.95876288659794, "percent_covered_display": "31.96", "missing_lines": 66, "excluded_lines": 0}, "missing_lines": [33, 89, 90, 91, 94, 95, 96, 97, 98, 101, 103, 104, 105, 106, 107, 130, 131, 132, 134, 135, 137, 139, 140, 141, 142, 143, 173, 174, 175, 185, 187, 188, 189, 216, 217, 218, 222, 224, 225, 226, 253, 254, 255, 257, 258, 260, 262, 263, 264, 265, 266, 285, 286, 287, 289, 290, 291, 292, 293, 308, 309, 310, 312, 314, 315, 316], "excluded_lines": []}}}, "app/api/builds_history.py": {"executed_lines": [1, 3, 5, 7, 8, 9, 11, 12, 13, 14, 15, 17, 20, 21, 40, 41], "summary": {"covered_lines": 15, "num_statements": 32, "percent_covered": 46.875, "percent_covered_display": "46.88", "missing_lines": 17, "excluded_lines": 0}, "missing_lines": [28, 33, 34, 35, 37, 49, 50, 51, 53, 55, 56, 58, 65, 66, 68, 69, 71], "excluded_lines": [], "functions": {"create_build_suggestion": {"executed_lines": [], "summary": {"covered_lines": 0, "num_statements": 5, "percent_covered": 0.0, "percent_covered_display": "0.00", "missing_lines": 5, "excluded_lines": 0}, "missing_lines": [28, 33, 34, 35, 37], "excluded_lines": []}, "list_build_suggestions": {"executed_lines": [], "summary": {"covered_lines": 0, "num_statements": 12, "percent_covered": 0.0, "percent_covered_display": "0.00", "missing_lines": 12, "excluded_lines": 0}, "missing_lines": [49, 50, 51, 53, 55, 56, 58, 65, 66, 68, 69, 71], "excluded_lines": []}, "": {"executed_lines": [1, 3, 5, 7, 8, 9, 11, 12, 13, 14, 15, 17, 20, 21, 40, 41], "summary": {"covered_lines": 15, "num_statements": 15, "percent_covered": 100.0, "percent_covered_display": "100.00", "missing_lines": 0, "excluded_lines": 0}, "missing_lines": [], "excluded_lines": []}}, "classes": {"": {"executed_lines": [1, 3, 5, 7, 8, 9, 11, 12, 13, 14, 15, 17, 20, 21, 40, 41], "summary": {"covered_lines": 15, "num_statements": 32, "percent_covered": 46.875, "percent_covered_display": "46.88", "missing_lines": 17, "excluded_lines": 0}, "missing_lines": [28, 33, 34, 35, 37, 49, 50, 51, 53, 55, 56, 58, 65, 66, 68, 69, 71], "excluded_lines": []}}}, "app/api/chat.py": {"executed_lines": [1, 8, 9, 11, 12, 14, 15, 16, 17, 19, 20, 23, 31, 65, 160, 163, 164], "summary": {"covered_lines": 16, "num_statements": 39, "percent_covered": 41.02564102564103, "percent_covered_display": "41.03", "missing_lines": 23, "excluded_lines": 0}, "missing_lines": [79, 80, 82, 84, 95, 98, 99, 100, 105, 106, 107, 111, 120, 122, 124, 125, 129, 138, 140, 141, 146, 156, 171], "excluded_lines": [], "functions": {"chat": {"executed_lines": [], "summary": {"covered_lines": 0, "num_statements": 22, "percent_covered": 0.0, "percent_covered_display": "0.00", "missing_lines": 22, "excluded_lines": 0}, "missing_lines": [79, 80, 82, 84, 95, 98, 99, 100, 105, 106, 107, 111, 120, 122, 124, 125, 129, 138, 140, 141, 146, 156], "excluded_lines": []}, "health_check": {"executed_lines": [], "summary": {"covered_lines": 0, "num_statements": 1, "percent_covered": 0.0, "percent_covered_display": "0.00", "missing_lines": 1, "excluded_lines": 0}, "missing_lines": [171], "excluded_lines": []}, "": {"executed_lines": [1, 8, 9, 11, 12, 14, 15, 16, 17, 19, 20, 23, 31, 65, 160, 163, 164], "summary": {"covered_lines": 16, "num_statements": 16, "percent_covered": 100.0, "percent_covered_display": "100.00", "missing_lines": 0, "excluded_lines": 0}, "missing_lines": [], "excluded_lines": []}}, "classes": {"": {"executed_lines": [1, 8, 9, 11, 12, 14, 15, 16, 17, 19, 20, 23, 31, 65, 160, 163, 164], "summary": {"covered_lines": 16, "num_statements": 39, "percent_covered": 41.02564102564103, "percent_covered_display": "41.03", "missing_lines": 23, "excluded_lines": 0}, "missing_lines": [79, 80, 82, 84, 95, 98, 99, 100, 105, 106, 107, 111, 120, 122, 124, 125, 129, 138, 140, 141, 146, 156, 171], "excluded_lines": []}}}, "app/api/export.py": {"executed_lines": [1, 3, 5, 6, 7, 8, 10, 11, 12, 13, 14, 15, 16, 17, 18, 20, 21, 24, 25, 54, 55, 84, 85], "summary": {"covered_lines": 22, "num_statements": 70, "percent_covered": 31.428571428571427, "percent_covered_display": "31.43", "missing_lines": 48, "excluded_lines": 0}, "missing_lines": [31, 32, 33, 34, 36, 37, 39, 40, 42, 44, 45, 47, 48, 49, 50, 51, 61, 62, 63, 64, 66, 67, 69, 70, 72, 74, 75, 77, 78, 79, 80, 81, 91, 92, 93, 94, 96, 97, 99, 100, 102, 104, 105, 107, 108, 109, 110, 111], "excluded_lines": [], "functions": {"export_build_json": {"executed_lines": [], "summary": {"covered_lines": 0, "num_statements": 16, "percent_covered": 0.0, "percent_covered_display": "0.00", "missing_lines": 16, "excluded_lines": 0}, "missing_lines": [31, 32, 33, 34, 36, 37, 39, 40, 42, 44, 45, 47, 48, 49, 50, 51], "excluded_lines": []}, "export_build_html": {"executed_lines": [], "summary": {"covered_lines": 0, "num_statements": 16, "percent_covered": 0.0, "percent_covered_display": "0.0
[...]
324, 326, 327, 328, 329, 332, 333, 335, 344], "excluded_lines": [175, 176, 177, 178, 179, 180, 181, 182, 183, 184, 185, 186, 187, 191, 192, 193, 194, 195, 196, 197, 198, 199, 200, 201, 202, 203, 356, 357]}, "": {"executed_lines": [1, 8, 9, 10, 11, 13, 16, 17, 19, 20, 21, 22, 23, 26, 27, 41, 61, 66, 77, 88, 99, 120, 121, 155, 173, 174, 189, 190, 205, 267, 337, 355], "summary": {"covered_lines": 23, "num_statements": 23, "percent_covered": 100.0, "percent_covered_display": "100.00", "missing_lines": 0, "excluded_lines": 5}, "missing_lines": [], "excluded_lines": [173, 174, 189, 190, 355]}}}, "app/workflows/build_optimization_workflow.py": {"executed_lines": [1, 8, 10, 11, 14, 15, 41, 54, 62, 130, 192, 225, 247, 273], "summary": {"covered_lines": 12, "num_statements": 81, "percent_covered": 14.814814814814815, "percent_covered_display": "14.81", "missing_lines": 69, "excluded_lines": 0}, "missing_lines": [43, 49, 56, 57, 59, 60, 78, 81, 95, 96, 99, 100, 102, 112, 126, 128, 141, 142, 143, 146, 166, 167, 176, 181, 184, 188, 190, 203, 206, 207, 209, 211, 213, 214, 216, 219, 220, 221, 223, 236, 237, 239, 257, 260, 261, 262, 263, 264, 265, 266, 267, 268, 269, 271, 290, 291, 293, 294, 296, 297, 298, 300, 301, 302, 303, 305, 307, 308, 310], "excluded_lines": [], "functions": {"BuildOptimizationWorkflow.__init__": {"executed_lines": [], "summary": {"covered_lines": 0, "num_statements": 2, "percent_covered": 0.0, "percent_covered_display": "0.00", "missing_lines": 2, "excluded_lines": 0}, "missing_lines": [43, 49], "excluded_lines": []}, "BuildOptimizationWorkflow.validate_inputs": {"executed_lines": [], "summary": {"covered_lines": 0, "num_statements": 4, "percent_covered": 0.0, "percent_covered_display": "0.00", "missing_lines": 4, "excluded_lines": 0}, "missing_lines": [56, 57, 59, 60], "excluded_lines": []}, "BuildOptimizationWorkflow.define_steps": {"executed_lines": [], "summary": {"covered_lines": 0, "num_statements": 10, "percent_covered": 0.0, "percent_covered_display": "0.00", "missing_lines": 10, "excluded_lines": 0}, "missing_lines": [78, 81, 95, 96, 99, 100, 102, 112, 126, 128], "excluded_lines": []}, "BuildOptimizationWorkflow.process_results": {"executed_lines": [], "summary": {"covered_lines": 0, "num_statements": 11, "percent_covered": 0.0, "percent_covered_display": "0.00", "missing_lines": 11, "excluded_lines": 0}, "missing_lines": [141, 142, 143, 146, 166, 167, 176, 181, 184, 188, 190], "excluded_lines": []}, "BuildOptimizationWorkflow._generate_synergy_recommendations": {"executed_lines": [], "summary": {"covered_lines": 0, "num_statements": 12, "percent_covered": 0.0, "percent_covered_display": "0.00", "missing_lines": 12, "excluded_lines": 0}, "missing_lines": [203, 206, 207, 209, 211, 213, 214, 216, 219, 220, 221, 223], "excluded_lines": []}, "BuildOptimizationWorkflow._compare_builds": {"executed_lines": [], "summary": {"covered_lines": 0, "num_statements": 3, "percent_covered": 0.0, "percent_covered_display": "0.00", "missing_lines": 3, "excluded_lines": 0}, "missing_lines": [236, 237, 239], "excluded_lines": []}, "BuildOptimizationWorkflow._identify_build_focus": {"executed_lines": [], "summary": {"covered_lines": 0, "num_statements": 12, "percent_covered": 0.0, "percent_covered_display": "0.00", "missing_lines": 12, "excluded_lines": 0}, "missing_lines": [257, 260, 261, 262, 263, 264, 265, 266, 267, 268, 269, 271], "excluded_lines": []}, "BuildOptimizationWorkflow._generate_final_recommendation": {"executed_lines": [], "summary": {"covered_lines": 0, "num_statements": 15, "percent_covered": 0.0, "percent_covered_display": "0.00", "missing_lines": 15, "excluded_lines": 0}, "missing_lines": [290, 291, 293, 294, 296, 297, 298, 300, 301, 302, 303, 305, 307, 308, 310], "excluded_lines": []}, "": {"executed_lines": [1, 8, 10, 11, 14, 15, 41, 54, 62, 130, 192, 225, 247, 273], "summary": {"covered_lines": 12, "num_statements": 12, "percent_covered": 100.0, "percent_covered_display": "100.00", "missing_lines": 0, "excluded_lines": 0}, "missing_lines": [], "excluded_lines": []}}, "classes": {"BuildOptimizationWorkflow": {"executed_lines": [], "summary": {"covered_lines": 0, "num_statements": 69, "percent_covered": 0.0, "percent_covered_display": "0.00", "missing_lines": 69, "excluded_lines": 0}, "missing_lines": [43, 49, 56, 57, 59, 60, 78, 81, 95, 96, 99, 100, 102, 112, 126, 128, 141, 142, 143, 146, 166, 167, 176, 181, 184, 188, 190, 203, 206, 207, 209, 211, 213, 214, 216, 219, 220, 221, 223, 236, 237, 239, 257, 260, 261, 262, 263, 264, 265, 266, 267, 268, 269, 271, 290, 291, 293, 294, 296, 297, 298, 300, 301, 302, 303, 305, 307, 308, 310], "excluded_lines": []}, "": {"executed_lines": [1, 8, 10, 11, 14, 15, 41, 54, 62, 130, 192, 225, 247, 273], "summary": {"covered_lines": 12, "num_statements": 12, "percent_covered": 100.0, "percent_covered_display": "100.00", "missing_lines": 0, "excluded_lines": 0}, "missing_lines": [], "excluded_lines": []}}}, "app/workflows/learning_workflow.py": {"executed_lines": [1, 8, 9, 11, 12, 15, 16, 36, 44, 106], "summary": {"covered_lines": 8, "num_statements": 27, "percent_covered": 29.62962962962963, "percent_covered_display": "29.63", "missing_lines": 19, "excluded_lines": 0}, "missing_lines": [38, 58, 63, 64, 67, 79, 80, 90, 91, 104, 116, 129, 130, 133, 134, 137, 138, 140, 142], "excluded_lines": [], "functions": {"LearningWorkflow.__init__": {"executed_lines": [], "summary": {"covered_lines": 0, "num_statements": 1, "percent_covered": 0.0, "percent_covered_display": "0.00", "missing_lines": 1, "excluded_lines": 0}, "missing_lines": [38], "excluded_lines": []}, "LearningWorkflow.define_steps": {"executed_lines": [], "summary": {"covered_lines": 0, "num_statements": 9, "percent_covered": 0.0, "percent_covered_display": "0.00", "missing_lines": 9, "excluded_lines": 0}, "missing_lines": [58, 63, 64, 67, 79, 80, 90, 91, 104], "excluded_lines": []}, "LearningWorkflow.process_results": {"executed_lines": [], "summary": {"covered_lines": 0, "num_statements": 9, "percent_covered": 0.0, "percent_covered_display": "0.00", "missing_lines": 9, "excluded_lines": 0}, "missing_lines": [116, 129, 130, 133, 134, 137, 138, 140, 142], "excluded_lines": []}, "": {"executed_lines": [1, 8, 9, 11, 12, 15, 16, 36, 44, 106], "summary": {"covered_lines": 8, "num_statements": 8, "percent_covered": 100.0, "percent_covered_display": "100.00", "missing_lines": 0, "excluded_lines": 0}, "missing_lines": [], "excluded_lines": []}}, "classes": {"LearningWorkflow": {"executed_lines": [], "summary": {"covered_lines": 0, "num_statements": 19, "percent_covered": 0.0, "percent_covered_display": "0.00", "missing_lines": 19, "excluded_lines": 0}, "missing_lines": [38, 58, 63, 64, 67, 79, 80, 90, 91, 104, 116, 129, 130, 133, 134, 137, 138, 140, 142], "excluded_lines": []}, "": {"executed_lines": [1, 8, 9, 11, 12, 15, 16, 36, 44, 106], "summary": {"covered_lines": 8, "num_statements": 8, "percent_covered": 100.0, "percent_covered_display": "100.00", "missing_lines": 0, "excluded_lines": 0}, "missing_lines": [], "excluded_lines": []}}}, "app/workflows/meta_analysis_workflow.py": {"executed_lines": [1, 8, 9, 11, 12, 13, 14, 17, 18, 39, 67, 73, 77, 81, 85, 89, 186, 225, 267, 298, 320, 354, 373, 382, 387], "summary": {"covered_lines": 23, "num_statements": 144, "percent_covered": 15.972222222222221, "percent_covered_display": "15.97", "missing_lines": 121, "excluded_lines": 0}, "missing_lines": [46, 50, 51, 54, 62, 69, 70, 71, 75, 79, 83, 87, 105, 106, 107, 108, 109, 111, 112, 113, 114, 115, 117, 119, 127, 128, 130, 131, 132, 133, 134, 135, 136, 137, 138, 141, 143, 144, 153, 154, 155, 156, 157, 158, 159, 162, 165, 168, 170, 171, 172, 173, 174, 175, 176, 177, 179, 196, 198, 200, 201, 203, 204, 207, 208, 209, 210, 213, 214, 216, 218, 219, 220, 221, 223, 235, 237, 238, 240, 262, 263, 265, 277, 278, 279, 282, 284, 286, 288, 308, 309, 311, 313, 314, 315, 316, 318, 334, 337, 338, 339, 342, 343, 344, 345, 348, 349, 350, 352, 364, 371, 375, 376, 378, 379, 380, 384, 385, 389, 390, 391], "excluded_lines": [], "functions": {"MetaAnalysisWorkflow.__init__": {"executed_lines": [], "summary": {"covered_lines": 0, "num_statements": 5, "percent_covered": 0.0, "percent_covered_display": "0.00", "missing_lines": 5, "excluded_lines": 0}, "missing_lines": [46, 50, 51, 54, 62], "excluded_lines": []}, "MetaAnalysisWorkflow.initialize": {"executed_lines": [], "summary": {"covered_lines": 0, "num_statements": 3, "percent_covered": 0.0, "percent_covered_display": "0.00", "missing_lines": 3, "excluded_lines": 0}, "missing_lines": [69, 70, 71], "excluded_lines": []}, "MetaAnalysisWorkflow._initialize_impl": {"executed_lines": [], "summary": {"covered_lines": 0, "num_statements": 1, "percent_covered": 0.0, "percent_covered_display": "0.00", "missing_lines": 1, "excluded_lines": 0}, "missing_lines": [75], "excluded_lines": []}, "MetaAnalysisWorkflow.define_steps": {"executed_lines": [], "summary": {"covered_lines": 0, "num_statements": 1, "percent_covered": 0.0, "percent_covered_display": "0.00", "missing_lines": 1, "excluded_lines": 0}, "missing_lines": [79], "excluded_lines": []}, "MetaAnalysisWorkflow.process_results": {"executed_lines": [], "summary": {"covered_lines": 0, "num_statements": 1, "percent_covered": 0.0, "percent_covered_display": "0.00", "missing_lines": 1, "excluded_lines": 0}, "missing_lines": [83], "excluded_lines": []}, "MetaAnalysisWorkflow._update_step_status": {"executed_lines": [], "summary": {"covered_lines": 0, "num_statements": 1, "percent_covered": 0.0, "percent_covered_display": "0.00", "missing_lines": 1, "excluded_lines": 0}, "missing_lines": [87], "excluded_lines": []}, "MetaAnalysisWorkflow.run": {"executed_lines": [], "summary": {"covered_lines": 0, "num_statements": 45, "percent_covered": 0.0, "percent_covered_display": "0.00", "missing_lines": 45, "excluded_lines": 0}, "missing_lines": [105, 106, 107, 108, 109, 111, 112, 113, 114, 115, 117, 119, 127, 128, 130, 131, 132, 133, 134, 135, 136, 137, 138, 141, 143, 144, 153, 154, 155, 156, 157, 158, 159, 162, 165, 168, 170, 171, 172, 173, 174, 175, 176, 177, 179], "excluded_lines": []}, "MetaAnalysisWorkflow._collect_game_data": {"executed_lines": [], "summary": {"covered_lines": 0, "num_statements": 18, "percent_covered": 0.0, "percent_covered_display": "0.00", "missing_lines": 18, "excluded_lines": 0}, "missing_lines": [196, 198, 200, 201, 203, 204, 207, 208, 209, 210, 213, 214, 216, 218, 219, 220, 221, 223], "excluded_lines": []}, "MetaAnalysisWorkflow._create_analysis_report": {"executed_lines": [], "summary": {"covered_lines": 0, "num_statements": 7, "percent_covered": 0.0, "percent_covered_display": "0.00", "missing_lines": 7, "excluded_lines": 0}, "missing_lines": [235, 237, 238, 240, 262, 263, 265], "excluded_lines": []}, "MetaAnalysisWorkflow._create_executive_summary": {"executed_lines": [], "summary": {"covered_lines": 0, "num_statements": 7, "percent_covered": 0.0, "percent_covered_display": "0.00", "missing_lines": 7, "excluded_lines": 0}, "missing_lines": [277, 278, 279, 282, 284, 286, 288], "excluded_lines": []}, "MetaAnalysisWorkflow._assess_meta_stability": {"executed_lines": [], "summary": {"covered_lines": 0, "num_statements": 8, "percent_covered": 0.0, "percent_covered_display": "0.00", "missing_lines": 8, "excluded_lines": 0}, "missing_lines": [308, 309, 311, 313, 314, 315, 316, 318], "excluded_lines": []}, "MetaAnalysisWorkflow._extract_key_insights": {"executed_lines": [], "summary": {"covered_lines": 0, "num_statements": 12, "percent_covered": 0.0, "percent_covered_display": "0.00", "missing_lines": 12, "excluded_lines": 0}, "missing_lines": [334, 337, 338, 339, 342, 343, 344, 345, 348, 349, 350, 352], "excluded_lines": []}, "MetaAnalysisWorkflow._summarize_game_data": {"executed_lines": [], "summary": {"covered_lines": 0, "num_statements": 2, "percent_covered": 0.0, "percent_covered_display": "0.00", "missing_lines": 2, "excluded_lines": 0}, "missing_lines": [364, 371], "excluded_lines": []}, "MetaAnalysisWorkflow.validate_inputs": {"executed_lines": [], "summary": {"covered_lines": 0, "num_statements": 5, "percent_covered": 0.0, "percent_covered_display": "0.00", "missing_lines": 5, "excluded_lines": 0}, "missing_lines": [375, 376, 378, 379, 380], "excluded_lines": []}, "MetaAnalysisWorkflow.cleanup": {"executed_lines": [], "summary": {"covered_lines": 0, "num_statements": 2, "percent_covered": 0.0, "percent_covered_display": "0.00", "missing_lines": 2, "excluded_lines": 0}, "missing_lines": [384, 385], "excluded_lines": []}, "MetaAnalysisWorkflow._cleanup_impl": {"executed_lines": [], "summary": {"covered_lines": 0, "num_statements": 3, "percent_covered": 0.0, "percent_covered_display": "0.00", "missing_lines": 3, "excluded_lines": 0}, "missing_lines": [389, 390, 391], "excluded_lines": []}, "": {"executed_lines": [1, 8, 9, 11, 12, 13, 14, 17, 18, 39, 67, 73, 77, 81, 85, 89, 186, 225, 267, 298, 320, 354, 373, 382, 387], "summary": {"covered_lines": 23, "num_statements": 23, "percent_covered": 100.0, "percent_covered_display": "100.00", "missing_lines": 0, "excluded_lines": 0}, "missing_lines": [], "excluded_lines": []}}, "classes": {"MetaAnalysisWorkflow": {"executed_lines": [], "summary": {"covered_lines": 0, "num_statements": 121, "percent_covered": 0.0, "percent_covered_display": "0.00", "missing_lines": 121, "excluded_lines": 0}, "missing_lines": [46, 50, 51, 54, 62, 69, 70, 71, 75, 79, 83, 87, 105, 106, 107, 108, 109, 111, 112, 113, 114, 115, 117, 119, 127, 128, 130, 131, 132, 133, 134, 135, 136, 137, 138, 141, 143, 144, 153, 154, 155, 156, 157, 158, 159, 162, 165, 168, 170, 171, 172, 173, 174, 175, 176, 177, 179, 196, 198, 200, 201, 203, 204, 207, 208, 209, 210, 213, 214, 216, 218, 219, 220, 221, 223, 235, 237, 238, 240, 262, 263, 265, 277, 278, 279, 282, 284, 286, 288, 308, 309, 311, 313, 314, 315, 316, 318, 334, 337, 338, 339, 342, 343, 344, 345, 348, 349, 350, 352, 364, 371, 375, 376, 378, 379, 380, 384, 385, 389, 390, 391], "excluded_lines": []}, "": {"executed_lines": [1, 8, 9, 11, 12, 13, 14, 17, 18, 39, 67, 73, 77, 81, 85, 89, 186, 225, 267, 298, 320, 354, 373, 382, 387], "summary": {"covered_lines": 23, "num_statements": 23, "percent_covered": 100.0, "percent_covered_display": "100.00", "missing_lines": 0, "excluded_lines": 0}, "missing_lines": [], "excluded_lines": []}}}, "app/workflows/team_analysis_workflow.py": {"executed_lines": [1, 8, 10, 11, 14, 15, 39, 49, 57, 105, 164, 184, 209, 249, 280, 299, 323], "summary": {"covered_lines": 15, "num_statements": 106, "percent_covered": 14.150943396226415, "percent_covered_display": "14.15", "missing_lines": 91, "excluded_lines": 0}, "missing_lines": [41, 47, 51, 52, 54, 55, 71, 74, 83, 84, 101, 103, 116, 119, 134, 135, 136, 147, 152, 155, 158, 160, 162, 175, 195, 196, 198, 199, 201, 202, 204, 205, 207, 220, 221, 222, 224, 225, 226, 228, 229, 230, 231, 232, 233, 234, 236, 238, 239, 242, 243, 245, 247, 259, 262, 263, 264, 267, 268, 269, 272, 273, 275, 276, 278, 290, 297, 309, 312, 313, 314, 315, 316, 317, 318, 319, 321, 333, 336, 337, 339, 340, 341, 342, 345, 346, 347, 350, 351, 352, 354], "excluded_lines": [], "functions": {"TeamAnalysisWorkflow.__init__": {"executed_lines": [], "summary": {"covered_lines": 0, "num_statements": 2, "percent_covered": 0.0, "percent_covered_display": "0.00", "missing_lines": 2, "excluded_lines": 0}, "missing_lines": [41, 47], "excluded_lines": []}, "TeamAnalysisWorkflow.validate_inputs": {"executed_lines": [], "summary": {"covered_lines": 0, "num_statements": 4, "percent_covered": 0.0, "percent_covered_display": "0.00", "missing_lines": 4, "excluded_lines": 0}, "missing_lines": [51, 52, 54, 55], "excluded_lines": []}, "TeamAnalysisWorkflow.define_steps": {"executed_lines": [], "summary": {"covered_lines": 0, "num_statements": 6, "percent_covered": 0.0, "percent_covered_display": "0.00", "missing_lines": 6, "excluded_lines": 0}, "missing_lines": [71, 74, 83, 84, 101, 103], "excluded_lines": []}, "TeamAnalysisWorkflow.process_results": {"executed_lines": [], "summary": {"covered_lines": 0, "num_statements": 11, "percent_covered": 0.0, "percent_covered_display": "0.00", "missing_lines": 11, "excluded_lines": 0}, "missing_lines": [116, 119, 134, 135, 136, 147, 152, 155, 158, 160, 162], "excluded_lines": []}, "TeamAnalysisWorkflow._compare_compositions": {"executed_lines": [], "summary": {"covered_lines": 0, "num_statements": 1, "percent_covered": 0.0, "percent_covered_display": "0.00", "missing_lines": 1, "excluded_lines": 0}, "missing_lines": [175], "excluded_lines": []}, "TeamAnalysisWorkflow._compare_boon_coverage": {"executed_lines": [], "summary": {"covered_lines": 0, "num_statements": 9, "percent_covered": 0.0, "percent_covered_display": "0.00", "missing_lines": 9, "excluded_lines": 0}, "missing_lines": [195, 196, 198, 199, 201, 202, 204, 205, 207], "excluded_lines": []}, "TeamAnalysisWorkflow._generate_recommendation": {"executed_lines": [], "summary": {"covered_lines": 0, "num_statements": 20, "percent_covered": 0.0, "percent_covered_display": "0.00", "missing_lines": 20, "excluded_lines": 0}, "missing_lines": [220, 221, 222, 224, 225, 226, 228, 229, 230, 231, 232, 233, 234, 236, 238, 239, 242, 243, 245, 247], "excluded_lines": []}, "TeamAnalysisWorkflow._generate_basic_recommendations": {"executed_lines": [], "summary": {"covered_lines": 0, "num_statements": 12, "percent_covered": 0.0, "percent_covered_display": "0.00", "missing_lines": 12, "excluded_lines": 0}, "missing_lines": [259, 262, 263, 264, 267, 268, 269, 272, 273, 275, 276, 278], "excluded_lines": []}, "TeamAnalysisWorkflow._generate_insights": {"executed_lines": [], "summary": {"covered_lines": 0, "num_statements": 2, "percent_covered": 0.0, "percent_covered_display": "0.00", "missing_lines": 2, "excluded_lines": 0}, "missing_lines": [290, 297], "excluded_lines": []}, "TeamAnalysisWorkflow._identify_team_archetype": {"executed_lines": [], "summary": {"covered_lines": 0, "num_statements": 10, "percent_covered": 0.0, "percent_covered_display": "0.00", "missing_lines": 10, "excluded_lines": 0}, "missing_lines": [309, 312, 313, 314, 315, 316, 317, 318, 319, 321], "excluded_lines": []}, "TeamAnalysisWorkflow._identify_priority_improvements": {"executed_lines": [], "summary": {"covered_lines": 0, "num_statements": 14, "percent_covered": 0.0, "percent_covered_display": "0.00", "missing_lines": 14, "excluded_lines": 0}, "missing_lines": [333, 336, 337, 339, 340, 341, 342, 345, 346, 347, 350, 351, 352, 354], "excluded_lines": []}, "": {"executed_lines": [1, 8, 10, 11, 14, 15, 39, 49, 57, 105, 164, 184, 209, 249, 280, 299, 323], "summary": {"covered_lines": 15, "num_statements": 15, "percent_covered": 100.0, "percent_covered_display": "100.00", "missing_lines": 0, "excluded_lines": 0}, "missing_lines": [], "excluded_lines": []}}, "classes": {"TeamAnalysisWorkflow": {"executed_lines": [], "summary": {"covered_lines": 0, "num_statements": 91, "percent_covered": 0.0, "percent_covered_display": "0.00", "missing_lines": 91, "excluded_lines": 0}, "missing_lines": [41, 47, 51, 52, 54, 55, 71, 74, 83, 84, 101, 103, 116, 119, 134, 135, 136, 147, 152, 155, 158, 160, 162, 175, 195, 196, 198, 199, 201, 202, 204, 205, 207, 220, 221, 222, 224, 225, 226, 228, 229, 230, 231, 232, 233, 234, 236, 238, 239, 242, 243, 245, 247, 259, 262, 263, 264, 267, 268, 269, 272, 273, 275, 276, 278, 290, 297, 309, 312, 313, 314, 315, 316, 317, 318, 319, 321, 333, 336, 337, 339, 340, 341, 342, 345, 346, 347, 350, 351, 352, 354], "excluded_lines": []}, "": {"executed_lines": [1, 8, 10, 11, 14, 15, 39, 49, 57, 105, 164, 184, 209, 249, 280, 299, 323], "summary": {"covered_lines": 15, "num_statements": 15, "percent_covered": 100.0, "percent_covered_display": "100.00", "missing_lines": 0, "excluded_lines": 0}, "missing_lines": [], "excluded_lines": []}}}}, "totals": {"covered_lines": 1974, "num_statements": 6776, "percent_covered": 29.132231404958677, "percent_covered_display": "29.13", "missing_lines": 4802, "excluded_lines": 136}}