pyproject.toml: Invalid initial character for a key part (at line 108, column 21)
app/learning/utils/__init__.py:3: error: Need type annotation for "__all__" (hint: "__all__: List[<type>] = ...")  [var-annotated]
app/learning/models/__init__.py:15: error: Need type annotation for "__all__" (hint: "__all__: List[<type>] = ...")  [var-annotated]
app/locustfile.py:13: error: Cannot find implementation or library stub for module named "locust"  [import-not-found]
app/locustfile.py:16: error: Name "HttpUser" already defined (possibly by an import)  [no-redef]
app/locustfile.py:16: note: Error code "no-redef" not covered by "type: ignore" comment
app/locustfile.py:39: error: Name "Faker" already defined (possibly by an import)  [no-redef]
app/locustfile.py:39: note: Error code "no-redef" not covered by "type: ignore" comment
app/workflows/base.py:280: error: Need type annotation for "step_results" (hint: "step_results: Dict[<type>, <type>] = ...")  [var-annotated]
app/workflows/base.py:281: error: Need type annotation for "completed_steps" (hint: "completed_steps: Set[<type>] = ...")  [var-annotated]
app/learning/models/synergy_model.py:31: error: Skipping analyzing "sklearn.ensemble": module is installed, but missing library stubs or py.typed marker  [import-untyped]
app/learning/models/synergy_model.py:32: error: Skipping analyzing "sklearn.preprocessing": module is installed, but missing library stubs or py.typed marker  [import-untyped]
app/learning/models/synergy_model.py:236: error: Incompatible types in assignment (expression has type "ndarray[Any, dtype[Any]]", variable has type "list[Any]")  [assignment]
app/learning/models/synergy_model.py:237: error: Incompatible types in assignment (expression has type "ndarray[Any, dtype[Any]]", variable has type "list[Any]")  [assignment]
app/learning/models/synergy_model.py:355: error: Item "None" of "Any | None" has no attribute "transform"  [union-attr]
app/learning/models/synergy_model.py:363: error: Unsupported operand types for + ("object" and "int")  [operator]
app/learning/data/storage.py:14: error: Library stubs not installed for "aiofiles"  [import-untyped]
app/learning/data/storage.py:144: error: Need type annotation for "interaction_types" (hint: "interaction_types: Dict[<type>, <type>] = ...")  [var-annotated]
app/learning/data/external.py:37: error: Library stubs not installed for "pandas"  [import-untyped]
app/learning/data/external.py:37: note: Hint: "python3 -m pip install pandas-stubs"
app/core/circuit_breaker.py:19: error: Incompatible default for argument "message" (default has type "None", argument has type "str")  [assignment]
app/core/circuit_breaker.py:19: note: PEP 484 prohibits implicit Optional. Accordingly, mypy has changed its default to no_implicit_optional=True
app/core/circuit_breaker.py:19: note: Use https://github.com/hauntsaninja/no_implicit_optional to automatically upgrade your codebase
app/core/circuit_breaker.py:80: error: Name "Awaitable" is not defined  [name-defined]
app/core/circuit_breaker.py:108: error: Name "Awaitable" is not defined  [name-defined]
app/core/circuit_breaker.py:215: error: Name "Awaitable" is not defined  [name-defined]
app/core/cache.py:9: error: Library stubs not installed for "aiofiles"  [import-untyped]
app/core/cache.py:9: note: Hint: "python3 -m pip install types-aiofiles"
app/ai/feedback.py:246: error: Invalid index type "Any | None" for "dict[str, list[float]]"; expected type "str"  [index]
app/ai/feedback.py:248: error: Invalid index type "Any | None" for "dict[str, list[float]]"; expected type "str"  [index]
app/ai/feedback.py:326: error: Need type annotation for "by_type" (hint: "by_type: Dict[<type>, <type>] = ...")  [var-annotated]
app/workflows/team_analysis_workflow.py:152: error: Incompatible types in assignment (expression has type "str", target has type "dict[str, Any]")  [assignment]
app/workflows/team_analysis_workflow.py:155: error: Incompatible types in assignment (expression has type "list[str]", target has type "dict[str, Any]")  [assignment]
app/workflows/build_optimization_workflow.py:176: error: Incompatible types in assignment (expression has type "list[str]", target has type "dict[str, Any]")  [assignment]
app/workflows/build_optimization_workflow.py:184: error: Incompatible types in assignment (expression has type "str", target has type "dict[str, Any]")  [assignment]
app/ai/trainer.py:23: error: Incompatible types in assignment (expression has type "None", variable has type Module)  [assignment]
app/ai/trainer.py:204: error: Argument 1 has incompatible type "list[dict[str, Any]]"; expected "_SupportsArray[dtype[Any]] | _NestedSequence[_SupportsArray[dtype[Any]]] | bool | int | float | complex | str | bytes | _NestedSequence[bool | int | float | complex | str | bytes]"  [arg-type]
app/ai/trainer.py:340: error: Incompatible types in assignment (expression has type "ndarray[Any, dtype[Any]]", variable has type "list[float]")  [assignment]
app/ai/trainer.py:341: error: Incompatible types in assignment (expression has type "ndarray[Any, dtype[Any]]", variable has type "list[Any]")  [assignment]
app/ai/trainer.py:343: error: Unsupported left operand type for - ("list[Any]")  [operator]
app/agents/meta_agent.py:53: note: By default the bodies of untyped functions are not checked, consider using --check-untyped-defs  [annotation-unchecked]
app/agents/meta_agent.py:96: error: Argument 1 to "_analyze_current_meta" of "MetaAgent" has incompatible type "Any | None"; expected "str"  [arg-type]
app/agents/meta_agent.py:99: error: Argument 1 to "_detect_trends" of "MetaAgent" has incompatible type "Any | None"; expected "str"  [arg-type]
app/agents/meta_agent.py:235: error: Argument 1 to "_score_role_viability" of "MetaAgent" has incompatible type "Any | None"; expected "str"  [arg-type]
app/agents/meta_agent.py:237: error: Argument 1 to "_score_profession_viability" of "MetaAgent" has incompatible type "Any | None"; expected "str"  [arg-type]
app/agents/meta_agent.py:338: error: "object" has no attribute "append"  [attr-defined]
app/agents/meta_agent.py:342: error: "object" has no attribute "append"  [attr-defined]
tests/test_db_types.py:14: error: Variable "tests.test_db_types.Base" is not valid as a type  [valid-type]
tests/test_db_types.py:14: note: See https://mypy.readthedocs.io/en/stable/common_issues.html#variables-vs-type-aliases
tests/test_db_types.py:14: error: Invalid base class "Base"  [misc]
tests/test_db_types.py:19: error: Need type annotation for "id"  [var-annotated]
app/db/models.py:17: error: Need type annotation for "id"  [var-annotated]
app/db/models.py:47: error: Need type annotation for "id"  [var-annotated]
app/db/models.py:48: error: Need type annotation for "user_id"  [var-annotated]
app/services/user_service.py:88: error: Argument 2 to "verify_password" has incompatible type "Column[str]"; expected "str"  [arg-type]
app/services/user_service.py:96: error: Incompatible types in assignment (expression has type "ColumnElement[int]", variable has type "Column[int]")  [assignment]
app/services/user_service.py:102: error: Incompatible types in assignment (expression has type "bool", variable has type "Column[bool]")  [assignment]
app/services/user_service.py:103: error: Incompatible types in assignment (expression has type "datetime", variable has type "Column[datetime]")  [assignment]
app/services/user_service.py:110: error: Incompatible types in assignment (expression has type "int", variable has type "Column[int]")  [assignment]
app/services/user_service.py:116: error: Incompatible types in assignment (expression has type "str", variable has type "Column[str]")  [assignment]
app/services/user_service.py:129: error: Incompatible types in assignment (expression has type "dict[Any, Any]", variable has type "Column[Any]")  [assignment]
app/services/user_service.py:138: error: Incompatible types in assignment (expression has type "bool", variable has type "Column[bool]")  [assignment]
app/services/user_service.py:145: error: Item "None" of "Address | None" has no attribute "host"  [union-attr]
app/services/user_service.py:160: error: Incompatible return value type (got "Sequence[LoginHistory]", expected "list[LoginHistory]")  [return-value]
app/models/user.py:25: error: Unexpected keyword argument "example" for "Field"; did you mean "examples"?  [call-arg]
/home/roddy/.pyenv/versions/3.11.8/lib/python3.11/site-packages/pydantic/fields.py:673: note: "Field" defined here
app/models/user.py:26: error: Unexpected keyword argument "example" for "Field"; did you mean "examples"?  [call-arg]
/home/roddy/.pyenv/versions/3.11.8/lib/python3.11/site-packages/pydantic/fields.py:673: note: "Field" defined here
app/models/user.py:40: error: Unexpected keyword argument "example" for "Field"; did you mean "examples"?  [call-arg]
/home/roddy/.pyenv/versions/3.11.8/lib/python3.11/site-packages/pydantic/fields.py:673: note: "Field" defined here
app/models/user.py:80: error: Unexpected keyword argument "example" for "Field"; did you mean "examples"?  [call-arg]
/home/roddy/.pyenv/versions/3.11.8/lib/python3.11/site-packages/pydantic/fields.py:673: note: "Field" defined here
app/models/user.py:81: error: Unexpected keyword argument "example" for "Field"; did you mean "examples"?  [call-arg]
/home/roddy/.pyenv/versions/3.11.8/lib/python3.11/site-packages/pydantic/fields.py:673: note: "Field" defined here
app/models/user.py:82: error: Unexpected keyword argument "example" for "Field"; did you mean "examples"?  [call-arg]
/home/roddy/.pyenv/versions/3.11.8/lib/python3.11/site-packages/pydantic/fields.py:673: note: "Field" defined here
app/models/user.py:86: error: Unexpected keyword argument "example" for "Field"; did you mean "examples"?  [call-arg]
/home/roddy/.pyenv/versions/3.11.8/lib/python3.11/site-packages/pydantic/fields.py:673: note: "Field" defined here
app/api/websocket_mcm.py:26: note: By default the bodies of untyped functions are not checked, consider using --check-untyped-defs  [annotation-unchecked]
app/api/ai_optimizer.py:75: error: Name "get_gw2_api_service" is not defined  [name-defined]
app/api/ai_optimizer.py:87: error: Name "get_mistral_service" is not defined  [name-defined]
app/api/ai_optimizer.py:168: error: Unsupported target for indexed assignment ("object")  [index]
app/api/ai_optimizer.py:175: error: "object" has no attribute "append"  [attr-defined]
app/api/ai_optimizer.py:179: error: Need type annotation for "role_counts" (hint: "role_counts: Dict[<type>, <type>] = ...")  [var-annotated]
app/api/ai_optimizer.py:184: error: Unsupported target for indexed assignment ("object")  [index]
app/api/ai_optimizer.py:190: error: Unsupported target for indexed assignment ("object")  [index]
app/api/ai_optimizer.py:197: error: "object" has no attribute "append"  [attr-defined]
app/api/ai_optimizer.py:203: error: Unsupported target for indexed assignment ("object")  [index]
app/api/ai_optimizer.py:210: error: "object" has no attribute "append"  [attr-defined]
app/api/ai_optimizer.py:213: error: Need type annotation for "profession_counts" (hint: "profession_counts: Dict[<type>, <type>] = ...")  [var-annotated]
app/api/ai_optimizer.py:218: error: Unsupported target for indexed assignment ("object")  [index]
app/api/ai_optimizer.py:223: error: "object" has no attribute "append"  [attr-defined]
app/services/auth_service.py:6: error: Library stubs not installed for "jose"  [import-untyped]
app/services/auth_service.py:7: error: Library stubs not installed for "passlib.context"  [import-untyped]
app/services/auth_service.py:7: note: Hint: "python3 -m pip install types-passlib"
app/services/auth_service.py:110: error: Unexpected keyword argument "user_id" for "TokenData"  [call-arg]
app/services/auth_service.py:110: error: Unexpected keyword argument "email" for "TokenData"  [call-arg]
app/services/auth_service.py:267: error: "UserLogin" has no attribute "username"  [attr-defined]
app/services/auth_service.py:269: error: "UserLogin" has no attribute "username"  [attr-defined]
app/services/auth_service.py:285: error: "UserLogin" has no attribute "username"  [attr-defined]
app/services/auth_service.py:287: error: "UserLogin" has no attribute "username"  [attr-defined]
app/services/auth_service.py:288: error: "UserLogin" has no attribute "username"  [attr-defined]
app/services/auth_service.py:290: error: "UserLogin" has no attribute "username"  [attr-defined]
app/services/auth_service.py:295: error: "UserLogin" has no attribute "username"  [attr-defined]
app/services/auth_service.py:313: error: Argument 2 to "verify_password" of "AuthService" has incompatible type "Column[str]"; expected "str"  [arg-type]
app/core/security.py:8: error: Library stubs not installed for "jose"  [import-untyped]
app/core/security.py:30: error: Incompatible types in assignment (expression has type "str | None", variable has type "str")  [assignment]
app/core/security.py:33: error: Incompatible types in assignment (expression has type "str | None", variable has type "str")  [assignment]
app/core/security.py:49: error: Incompatible default for argument "expires_delta" (default has type "None", argument has type "timedelta")  [assignment]
app/core/security.py:49: note: PEP 484 prohibits implicit Optional. Accordingly, mypy has changed its default to no_implicit_optional=True
app/core/security.py:49: note: Use https://github.com/hauntsaninja/no_implicit_optional to automatically upgrade your codebase
app/core/security.py:170: error: Argument 1 to "get_by_id" of "UserService" has incompatible type "str | None"; expected "str"  [arg-type]
app/services/team_service_db.py:363: error: Incompatible types in assignment (expression has type "Select[tuple[int]]", variable has type "Select[tuple[TeamCompositionDB]]")  [assignment]
app/services/synergy_analyzer.py:83: error: Function "builtins.any" is not valid as a type  [valid-type]
app/services/synergy_analyzer.py:83: note: Perhaps you meant "typing.Any" instead of "any"?
app/services/synergy_analyzer.py:107: error: Need type annotation for "synergies" (hint: "synergies: List[<type>] = ...")  [var-annotated]
app/services/build_service_stateless.py:32: error: Missing named argument "source_url" for "Build"  [call-arg]
app/models/__init__.py:33: error: Skipping analyzing "app.models.game": module is installed, but missing library stubs or py.typed marker  [import-untyped]
tests/test_build_service.py:204: error: Missing named argument "effectiveness" for "BuildUpdate"  [call-arg]
tests/test_build_service.py:204: error: Missing named argument "difficulty" for "BuildUpdate"  [call-arg]
tests/test_services/test_team_service.py:153: error: Missing named argument "overall_rating" for "TeamCompositionUpdate"  [call-arg]
tests/test_services/test_team_service.py:161: error: Item "None" of "TeamCompositionDB | None" has no attribute "name"  [union-attr]
tests/test_services/test_team_service.py:162: error: Item "None" of "TeamCompositionDB | None" has no attribute "description"  [union-attr]
tests/test_services/test_team_service.py:163: error: Item "None" of "TeamCompositionDB | None" has no attribute "is_public"  [union-attr]
tests/test_services/test_team_service.py:181: error: Missing named argument "overall_rating" for "TeamCompositionUpdate"  [call-arg]
tests/test_services/test_build_service.py:185: error: Missing named argument "effectiveness" for "BuildUpdate"  [call-arg]
tests/test_services/test_build_service.py:185: error: Missing named argument "difficulty" for "BuildUpdate"  [call-arg]
tests/test_services/test_build_service.py:193: error: Item "None" of "BuildDB | None" has no attribute "name"  [union-attr]
tests/test_services/test_build_service.py:194: error: Item "None" of "BuildDB | None" has no attribute "description"  [union-attr]
tests/test_services/test_build_service.py:195: error: Item "None" of "BuildDB | None" has no attribute "is_public"  [union-attr]
tests/test_services/test_build_service.py:215: error: Missing named argument "effectiveness" for "BuildUpdate"  [call-arg]
tests/test_services/test_build_service.py:215: error: Missing named argument "difficulty" for "BuildUpdate"  [call-arg]
app/services/gw2_api_client.py:337: error: Cannot determine type of "professions"  [has-type]
app/services/gw2_api_client.py:338: error: Cannot determine type of "professions"  [has-type]
app/services/gw2_api_client.py:339: error: Need type annotation for "professions" (hint: "professions: List[<type>] = ...")  [var-annotated]
app/services/gw2_api_client.py:341: error: Cannot determine type of "specializations"  [has-type]
app/services/gw2_api_client.py:342: error: Cannot determine type of "specializations"  [has-type]
app/services/gw2_api_client.py:343: error: Need type annotation for "specializations" (hint: "specializations: List[<type>] = ...")  [var-annotated]
app/services/gw2_api_client.py:345: error: Cannot determine type of "traits"  [has-type]
app/services/gw2_api_client.py:346: error: Cannot determine type of "traits"  [has-type]
app/services/gw2_api_client.py:347: error: Need type annotation for "traits" (hint: "traits: List[<type>] = ...")  [var-annotated]
app/services/gw2_api.py:72: error: Incompatible return value type (got "dict[str, Any]", expected "list[dict[str, Any]]")  [return-value]
app/services/gw2_api.py:93: error: Incompatible return value type (got "dict[str, Any]", expected "list[dict[str, Any]]")  [return-value]
app/services/gw2_api.py:168: error: Incompatible return value type (got "dict[str, Any]", expected "list[str]")  [return-value]
app/services/scraper/community_scraper.py:129: error: Missing named argument "specialization" for "Build"  [call-arg]
app/services/scraper/community_scraper.py:129: error: Missing named argument "playstyle" for "Build"  [call-arg]
app/services/scraper/community_scraper.py:129: error: Missing named argument "effectiveness" for "Build"  [call-arg]
app/services/scraper/community_scraper.py:129: error: Missing named argument "difficulty" for "Build"  [call-arg]
app/services/scraper/community_scraper.py:129: error: Missing named argument "id" for "Build"  [call-arg]
app/services/scraper/community_scraper.py:129: error: Missing named argument "user_id" for "Build"  [call-arg]
app/services/scraper/community_scraper.py:129: error: Missing named argument "created_at" for "Build"  [call-arg]
app/services/scraper/community_scraper.py:129: error: Missing named argument "updated_at" for "Build"  [call-arg]
app/services/scraper/community_scraper.py:186: error: Missing named argument "specialization" for "Build"  [call-arg]
app/services/scraper/community_scraper.py:186: error: Missing named argument "playstyle" for "Build"  [call-arg]
app/services/scraper/community_scraper.py:186: error: Missing named argument "effectiveness" for "Build"  [call-arg]
app/services/scraper/community_scraper.py:186: error: Missing named argument "difficulty" for "Build"  [call-arg]
app/services/scraper/community_scraper.py:186: error: Missing named argument "id" for "Build"  [call-arg]
app/services/scraper/community_scraper.py:186: error: Missing named argument "user_id" for "Build"  [call-arg]
app/services/scraper/community_scraper.py:186: error: Missing named argument "created_at" for "Build"  [call-arg]
app/services/scraper/community_scraper.py:186: error: Missing named argument "updated_at" for "Build"  [call-arg]
app/services/scraper/community_scraper.py:237: error: Missing named argument "specialization" for "Build"  [call-arg]
app/services/scraper/community_scraper.py:237: error: Missing named argument "playstyle" for "Build"  [call-arg]
app/services/scraper/community_scraper.py:237: error: Missing named argument "effectiveness" for "Build"  [call-arg]
app/services/scraper/community_scraper.py:237: error: Missing named argument "difficulty" for "Build"  [call-arg]
app/services/scraper/community_scraper.py:237: error: Missing named argument "id" for "Build"  [call-arg]
app/services/scraper/community_scraper.py:237: error: Missing named argument "user_id" for "Build"  [call-arg]
app/services/scraper/community_scraper.py:237: error: Missing named argument "created_at" for "Build"  [call-arg]
app/services/scraper/community_scraper.py:237: error: Missing named argument "updated_at" for "Build"  [call-arg]
app/services/parser/gw2skill_parser.py:69: error: Missing named argument "specialization" for "Build"  [call-arg]
app/services/parser/gw2skill_parser.py:69: error: Missing named argument "playstyle" for "Build"  [call-arg]
app/services/parser/gw2skill_parser.py:69: error: Missing named argument "effectiveness" for "Build"  [call-arg]
app/services/parser/gw2skill_parser.py:69: error: Missing named argument "difficulty" for "Build"  [call-arg]
app/services/parser/gw2skill_parser.py:69: error: Missing named argument "id" for "Build"  [call-arg]
app/services/parser/gw2skill_parser.py:69: error: Missing named argument "user_id" for "Build"  [call-arg]
app/services/parser/gw2skill_parser.py:69: error: Missing named argument "created_at" for "Build"  [call-arg]
app/services/parser/gw2skill_parser.py:69: error: Missing named argument "updated_at" for "Build"  [call-arg]
app/services/parser/gw2skill_parser.py:77: error: Argument "source_url" to "Build" has incompatible type "str"; expected "Url | None"  [arg-type]
app/services/parser/gw2skill_parser.py:178: error: Item "NavigableString" of "Tag | NavigableString" has no attribute "get"  [union-attr]
app/services/parser/gw2skill_parser.py:179: error: Item "list[str]" of "str | list[str]" has no attribute "strip"  [union-attr]
app/services/parser/gw2skill_parser.py:179: error: Invalid index type "str" for "Tag | NavigableString"; expected type "SupportsIndex | slice"  [index]
app/services/parser/gw2skill_parser.py:210: error: Need type annotation for "trait_lines" (hint: "trait_lines: List[<type>] = ...")  [var-annotated]
app/api/builds_db.py:44: error: Argument "source_url" to "Build" has incompatible type "str | None"; expected "Url | None"  [arg-type]
app/ai/core.py:130: note: By default the bodies of untyped functions are not checked, consider using --check-untyped-defs  [annotation-unchecked]
app/ai/core.py:263: error: Item "None" of "AsyncClient | None" has no attribute "post"  [union-attr]
app/ai/context.py:189: error: Incompatible return value type (got "object", expected "dict[str, Any]")  [return-value]
app/agents/synergy_agent.py:156: error: Item "None" of "AsyncClient | None" has no attribute "post"  [union-attr]
app/agents/synergy_agent.py:217: error: Need type annotation for "profession_counts" (hint: "profession_counts: Dict[<type>, <type>] = ...")  [var-annotated]
app/agents/recommender_agent.py:152: error: Item "None" of "AsyncClient | None" has no attribute "post"  [union-attr]
app/workflows/meta_analysis_workflow.py:63: error: Argument "name" to "WorkflowStep" has incompatible type "object"; expected "str"  [arg-type]
app/workflows/meta_analysis_workflow.py:210: error: Incompatible types in assignment (expression has type "list[dict[str, Any]]", target has type "dict[str, Any]")  [assignment]
app/workflows/meta_analysis_workflow.py:214: error: Incompatible types in assignment (expression has type "list[dict[str, Any]]", target has type "dict[str, Any]")  [assignment]
app/workflows/meta_analysis_workflow.py:216: error: Incompatible types in assignment (expression has type "bool", target has type "dict[str, Any]")  [assignment]
app/workflows/meta_analysis_workflow.py:220: error: Incompatible types in assignment (expression has type "bool", target has type "dict[str, Any]")  [assignment]
app/workflows/meta_analysis_workflow.py:221: error: Incompatible types in assignment (expression has type "str", target has type "dict[str, Any]")  [assignment]
app/services/team_service.py:85: error: Unexpected keyword argument "created_by" for "TeamComposition"; did you mean "created_at"?  [call-arg]
app/services/build_service.py:46: error: Incompatible types in assignment (expression has type "str", variable has type "GameMode")  [assignment]
app/services/build_service.py:47: error: Incompatible types in assignment (expression has type "str", variable has type "Role")  [assignment]
app/services/build_service.py:159: error: Missing named argument "specialization" for "Build"  [call-arg]
app/services/build_service.py:159: error: Missing named argument "playstyle" for "Build"  [call-arg]
app/services/build_service.py:159: error: Missing named argument "source_url" for "Build"  [call-arg]
app/services/build_service.py:159: error: Missing named argument "effectiveness" for "Build"  [call-arg]
app/services/build_service.py:159: error: Missing named argument "difficulty" for "Build"  [call-arg]
app/services/build_service.py:159: error: Missing named argument "user_id" for "Build"  [call-arg]
app/services/build_service.py:159: error: Missing named argument "created_at" for "Build"  [call-arg]
app/services/build_service.py:159: error: Missing named argument "updated_at" for "Build"  [call-arg]
app/services/build_service.py:162: error: Argument "profession" to "Build" has incompatible type "str"; expected "Profession"  [arg-type]
app/services/build_service.py:163: error: Argument "game_mode" to "Build" has incompatible type "str"; expected "GameMode"  [arg-type]
app/services/build_service.py:164: error: Argument "role" to "Build" has incompatible type "str"; expected "Role"  [arg-type]
app/services/ai/chat_service.py:95: error: Missing named argument "id" for "BuildSuggestion"  [call-arg]
app/services/ai/chat_service.py:95: error: Missing named argument "name" for "BuildSuggestion"  [call-arg]
app/services/ai/chat_service.py:95: error: Missing named argument "profession" for "BuildSuggestion"  [call-arg]
app/services/ai/chat_service.py:95: error: Missing named argument "role" for "BuildSuggestion"  [call-arg]
app/services/ai/chat_service.py:95: error: Missing named argument "weapons" for "BuildSuggestion"  [call-arg]
app/services/ai/chat_service.py:95: error: Missing named argument "traits" for "BuildSuggestion"  [call-arg]
app/services/ai/chat_service.py:95: error: Missing named argument "skills" for "BuildSuggestion"  [call-arg]
app/services/ai/chat_service.py:95: error: Missing named argument "stats" for "BuildSuggestion"  [call-arg]
app/services/ai/chat_service.py:95: error: Missing named argument "player_count" for "BuildSuggestion"  [call-arg]
app/services/ai/chat_service.py:116: error: Missing named argument "action_required" for "ChatResponse"  [call-arg]
app/services/ai/chat_service.py:124: error: Missing named argument "action_required" for "ChatResponse"  [call-arg]
app/agents/optimizer_agent.py:167: error: Item "None" of "SynergyAgent | None" has no attribute "execute"  [union-attr]
app/agents/optimizer_agent.py:181: error: Item "None" of "AsyncClient | None" has no attribute "post"  [union-attr]
app/agents/optimizer_agent.py:208: error: Item "None" of "SynergyAgent | None" has no attribute "execute"  [union-attr]
tests/integration/test_chat_circuit_breaker.py:35: note: By default the bodies of untyped functions are not checked, consider using --check-untyped-defs  [annotation-unchecked]
app/services/ai_service.py:50: note: By default the bodies of untyped functions are not checked, consider using --check-untyped-defs  [annotation-unchecked]
app/services/ai_service.py:51: note: By default the bodies of untyped functions are not checked, consider using --check-untyped-defs  [annotation-unchecked]
app/services/learning/pipeline.py:62: error: Incompatible types in assignment (expression has type "int", target has type "Sequence[str]")  [assignment]
app/services/learning/pipeline.py:63: error: "Sequence[str]" has no attribute "append"  [attr-defined]
app/services/learning/pipeline.py:69: error: "Sequence[str]" has no attribute "append"  [attr-defined]
app/services/learning/pipeline.py:74: error: Incompatible types in assignment (expression has type "int", target has type "Sequence[str]")  [assignment]
app/services/learning/pipeline.py:75: error: "Sequence[str]" has no attribute "append"  [attr-defined]
app/services/learning/pipeline.py:88: error: Incompatible types in assignment (expression has type "dict[Any, Any]", target has type "Sequence[str]")  [assignment]
app/services/learning/pipeline.py:89: error: "Sequence[str]" has no attribute "append"  [attr-defined]
app/services/learning/pipeline.py:92: error: Incompatible types in assignment (expression has type "dict[str, str]", target has type "Sequence[str]")  [assignment]
app/services/learning/pipeline.py:97: error: Incompatible types in assignment (expression has type "dict[Any, Any]", target has type "Sequence[str]")  [assignment]
app/services/learning/pipeline.py:98: error: "Sequence[str]" has no attribute "append"  [attr-defined]
app/services/learning/pipeline.py:183: error: Item "None" of "QualityScore | None" has no attribute "overall_score"  [union-attr]
app/api/meta.py:176: error: Incompatible types in assignment (expression has type "list[dict[str, Any]]", target has type "dict[str, Any]")  [assignment]
app/api/meta.py:181: error: Incompatible types in assignment (expression has type "list[dict[str, Any]]", target has type "dict[str, Any]")  [assignment]
app/api/meta.py:186: error: Incompatible types in assignment (expression has type "list[dict[str, Any]]", target has type "dict[str, Any]")  [assignment]
app/api/chat.py:129: error: Incompatible return value type (got "JSONResponse", expected "ChatResponse")  [return-value]
app/api/chat.py:146: error: Incompatible return value type (got "JSONResponse", expected "ChatResponse")  [return-value]
app/api/auth.py:24: error: Library stubs not installed for "jose"  [import-untyped]
app/api/auth.py:24: note: Hint: "python3 -m pip install types-python-jose"
app/api/auth.py:24: note: (or run "mypy --install-types" to install all missing stub packages)
app/api/auth.py:24: note: See https://mypy.readthedocs.io/en/stable/running_mypy.html#missing-imports
app/api/auth.py:74: error: Need type annotation for "_test_rate_state"  [var-annotated]
app/api/auth.py:109: note: By default the bodies of untyped functions are not checked, consider using --check-untyped-defs  [annotation-unchecked]
app/api/auth.py:216: error: Argument 1 to "send_verification_email" has incompatible type "Column[str]"; expected "str"  [arg-type]
app/api/auth.py:216: error: Argument 2 to "send_verification_email" has incompatible type "Column[str]"; expected "str"  [arg-type]
app/api/auth.py:280: error: Item "None" of "Address | None" has no attribute "host"  [union-attr]
app/api/auth.py:291: error: Item "None" of "Address | None" has no attribute "host"  [union-attr]
app/api/auth.py:296: error: Argument 1 to "reset_failed_login_attempts" of "UserService" has incompatible type "Column[str]"; expected "str"  [arg-type]
app/api/auth.py:320: error: Item "None" of "Address | None" has no attribute "host"  [union-attr]
app/api/auth.py:415: error: Argument "email_to" to "send_password_reset_email" has incompatible type "Column[str]"; expected "str"  [arg-type]
app/api/auth.py:513: error: Incompatible return value type (got "list[LoginHistory]", expected "list[LoginHistoryOut]")  [return-value]
app/api/auth.py:513: note: "List" is invariant -- see https://mypy.readthedocs.io/en/stable/common_issues.html#variance
app/api/auth.py:513: note: Consider using "Sequence" instead, which is covariant
app/api/auth.py:513: note: Perhaps you need a type annotation for "history"? Suggestion: "list[LoginHistoryOut]"
app/services/scheduler.py:6: error: Skipping analyzing "apscheduler.schedulers.asyncio": module is installed, but missing library stubs or py.typed marker  [import-untyped]
app/services/scheduler.py:7: error: Skipping analyzing "apscheduler.triggers.cron": module is installed, but missing library stubs or py.typed marker  [import-untyped]
app/services/__init__.py:14: error: Module "app.services.team_service_db" has no attribute "TeamServiceDB"; maybe "TeamService"?  [attr-defined]
app/services/__init__.py:15: error: Module "app.services.build_service_db" has no attribute "BuildServiceDB"; maybe "BuildService"?  [attr-defined]
app/main.py:134: error: Argument 2 to "add_exception_handler" of "Starlette" has incompatible type "Callable[[Request, RateLimitExceeded], Response]"; expected "Callable[[Request, Exception], Response | Awaitable[Response]] | Callable[[WebSocket, Exception], Awaitable[None]]"  [arg-type]
app/main.py:205: error: Name "Request" is not defined  [name-defined]
app/main.py:214: error: Name "APIRouter" is not defined  [name-defined]
app/main.py:220: error: Name "APIRouter" is not defined  [name-defined]
tests/test_debug.py:33: error: Incompatible types in assignment (expression has type "Engine", variable has type "AsyncEngine | AsyncConnection")  [assignment]
tests/conftest.py:48: error: Incompatible types in assignment (expression has type "dict[str, bool]", target has type "bool")  [assignment]
tests/conftest.py:51: error: No overload variant of "sessionmaker" matches argument types "bool", "bool", "AsyncEngine", "type[AsyncSession]", "bool"  [call-overload]
tests/conftest.py:51: note: Possible overload variants:
tests/conftest.py:51: note:     def [_S <: Session] __init__(self, bind: Engine | Connection | None = ..., *, class_: type[_S], autoflush: bool = ..., expire_on_commit: bool = ..., info: dict[Any, Any] | None = ..., **kw: Any) -> sessionmaker[_S]
tests/conftest.py:51: note:     def [_S <: Session] __init__(self, bind: Engine | Connection | None = ..., *, autoflush: bool = ..., expire_on_commit: bool = ..., info: dict[Any, Any] | None = ..., **kw: Any) -> sessionmaker[Session]
tests/conftest.py:143: error: No overload variant of "sessionmaker" matches argument types "bool", "bool", "AsyncEngine", "type[AsyncSession]", "bool"  [call-overload]
tests/conftest.py:143: note: Possible overload variants:
tests/conftest.py:143: note:     def [_S <: Session] __init__(self, bind: Engine | Connection | None = ..., *, class_: type[_S], autoflush: bool = ..., expire_on_commit: bool = ..., info: dict[Any, Any] | None = ..., **kw: Any) -> sessionmaker[_S]
tests/conftest.py:143: note:     def [_S <: Session] __init__(self, bind: Engine | Connection | None = ..., *, autoflush: bool = ..., expire_on_commit: bool = ..., info: dict[Any, Any] | None = ..., **kw: Any) -> sessionmaker[Session]
tests/conftest.py:191: error: No overload variant of "sessionmaker" matches argument types "bool", "bool", "AsyncEngine", "type[AsyncSession]", "bool"  [call-overload]
tests/conftest.py:191: note: Possible overload variants:
tests/conftest.py:191: note:     def [_S <: Session] __init__(self, bind: Engine | Connection | None = ..., *, class_: type[_S], autoflush: bool = ..., expire_on_commit: bool = ..., info: dict[Any, Any] | None = ..., **kw: Any) -> sessionmaker[_S]
tests/conftest.py:191: note:     def [_S <: Session] __init__(self, bind: Engine | Connection | None = ..., *, autoflush: bool = ..., expire_on_commit: bool = ..., info: dict[Any, Any] | None = ..., **kw: Any) -> sessionmaker[Session]
tests/conftest.py:256: error: Need type annotation for "user_dict"  [var-annotated]
tests/conftest.py:269: error: Argument 1 to "TestUser" has incompatible type "**dict[str, str | Column[datetime] | Column[Any] | dict[Any, Any]]"; expected "str"  [arg-type]
tests/conftest.py:269: error: Argument 1 to "TestUser" has incompatible type "**dict[str, str | Column[datetime] | Column[Any] | dict[Any, Any]]"; expected "UUID"  [arg-type]
tests/conftest.py:269: error: Argument 1 to "TestUser" has incompatible type "**dict[str, str | Column[datetime] | Column[Any] | dict[Any, Any]]"; expected "bool"  [arg-type]
tests/conftest.py:269: error: Argument 1 to "TestUser" has incompatible type "**dict[str, str | Column[datetime] | Column[Any] | dict[Any, Any]]"; expected "str | None"  [arg-type]
tests/conftest.py:269: error: Argument 1 to "TestUser" has incompatible type "**dict[str, str | Column[datetime] | Column[Any] | dict[Any, Any]]"; expected "dict[str, Any]"  [arg-type]
tests/conftest.py:269: note: "Dict" is invariant -- see https://mypy.readthedocs.io/en/stable/common_issues.html#variance
tests/conftest.py:269: note: Consider using "Mapping" instead, which is covariant in the value type
tests/conftest.py:269: error: Argument 1 to "TestUser" has incompatible type "**dict[str, str | Column[datetime] | Column[Any] | dict[Any, Any]]"; expected "datetime"  [arg-type]
tests/core/test_auth.py:516: error: Need type annotation for "result"  [var-annotated]
